{"/Users/akn/work/node/url-shortener-service/api/src/app/controllers/admin/login/login.controller.ts": {"path":"/Users/akn/work/node/url-shortener-service/api/src/app/controllers/admin/login/login.controller.ts","statementMap":{"0":{"start":{"line":1,"column":0},"end":{"line":1,"column":55}},"1":{"start":{"line":2,"column":0},"end":{"line":2,"column":56}},"2":{"start":{"line":6,"column":0},"end":{"line":6,"column":41}},"3":{"start":{"line":7,"column":0},"end":{"line":7,"column":46}},"4":{"start":{"line":8,"column":33},"end":{"line":8,"column":43}},"5":{"start":{"line":12,"column":4},"end":{"line":12,"column":22}},"6":{"start":{"line":11,"column":21},"end":{"line":11,"column":49}},"7":{"start":{"line":15,"column":2},"end":{"line":41,"column":null}},"8":{"start":{"line":15,"column":66},"end":{"line":41,"column":null}},"9":{"start":{"line":16,"column":21},"end":{"line":16,"column":29}},"10":{"start":{"line":18,"column":4},"end":{"line":23,"column":null}},"11":{"start":{"line":19,"column":15},"end":{"line":22,"column":null}},"12":{"start":{"line":20,"column":8},"end":{"line":20,"column":null}},"13":{"start":{"line":21,"column":8},"end":{"line":21,"column":null}},"14":{"start":{"line":26,"column":37},"end":{"line":26,"column":68}},"15":{"start":{"line":27,"column":4},"end":{"line":39,"column":null}},"16":{"start":{"line":28,"column":20},"end":{"line":28,"column":119}},"17":{"start":{"line":29,"column":48},"end":{"line":34,"column":8}},"18":{"start":{"line":35,"column":6},"end":{"line":35,"column":47}},"19":{"start":{"line":38,"column":6},"end":{"line":38,"column":null}},"20":{"start":{"line":10,"column":0},"end":{"line":10,"column":13}}},"fnMap":{"0":{"name":"(anonymous_8)","decl":{"start":{"line":11,"column":2},"end":{"line":11,"column":21}},"loc":{"start":{"line":11,"column":49},"end":{"line":13,"column":3}}},"1":{"name":"(anonymous_9)","decl":{"start":{"line":15,"column":18},"end":{"line":15,"column":25}},"loc":{"start":{"line":15,"column":66},"end":{"line":41,"column":null}}},"2":{"name":"(anonymous_10)","decl":{"start":{"line":15,"column":66},"end":{"line":15,"column":null}},"loc":{"start":{"line":15,"column":66},"end":{"line":41,"column":3}}},"3":{"name":"(anonymous_11)","decl":{"start":{"line":19,"column":6},"end":{"line":19,"column":12}},"loc":{"start":{"line":19,"column":15},"end":{"line":22,"column":null}}},"4":{"name":"(anonymous_12)","decl":{"start":{"line":19,"column":15},"end":{"line":19,"column":null}},"loc":{"start":{"line":19,"column":15},"end":{"line":22,"column":7}}}},"branchMap":{"0":{"loc":{"start":{"line":27,"column":4},"end":{"line":39,"column":null}},"type":"if","locations":[{"start":{"line":27,"column":4},"end":{"line":39,"column":null}},{"start":{"line":37,"column":8},"end":{"line":39,"column":null}}]}},"s":{"0":1,"1":1,"2":1,"3":1,"4":1,"5":1,"6":1,"7":1,"8":0,"9":0,"10":0,"11":0,"12":0,"13":0,"14":0,"15":0,"16":0,"17":0,"18":0,"19":0,"20":1},"f":{"0":1,"1":0,"2":0,"3":0,"4":0},"b":{"0":[0,0]}}
,"/Users/akn/work/node/url-shortener-service/api/src/app/controllers/admin/shortenedurl/shortenedurl.admin.controller.ts": {"path":"/Users/akn/work/node/url-shortener-service/api/src/app/controllers/admin/shortenedurl/shortenedurl.admin.controller.ts","statementMap":{"0":{"start":{"line":1,"column":0},"end":{"line":1,"column":56}},"1":{"start":{"line":4,"column":0},"end":{"line":4,"column":62}},"2":{"start":{"line":5,"column":0},"end":{"line":5,"column":52}},"3":{"start":{"line":9,"column":4},"end":{"line":9,"column":22}},"4":{"start":{"line":8,"column":21},"end":{"line":8,"column":49}},"5":{"start":{"line":12,"column":2},"end":{"line":12,"column":null}},"6":{"start":{"line":12,"column":68},"end":{"line":12,"column":null}},"7":{"start":{"line":12,"column":69},"end":{"line":12,"column":null}},"8":{"start":{"line":14,"column":2},"end":{"line":14,"column":null}},"9":{"start":{"line":14,"column":67},"end":{"line":14,"column":null}},"10":{"start":{"line":14,"column":68},"end":{"line":14,"column":null}},"11":{"start":{"line":7,"column":0},"end":{"line":7,"column":13}}},"fnMap":{"0":{"name":"(anonymous_8)","decl":{"start":{"line":8,"column":2},"end":{"line":8,"column":21}},"loc":{"start":{"line":8,"column":49},"end":{"line":10,"column":3}}},"1":{"name":"(anonymous_9)","decl":{"start":{"line":12,"column":20},"end":{"line":12,"column":27}},"loc":{"start":{"line":12,"column":68},"end":{"line":12,"column":null}}},"2":{"name":"(anonymous_10)","decl":{"start":{"line":12,"column":68},"end":{"line":12,"column":69}},"loc":{"start":{"line":12,"column":68},"end":{"line":12,"column":null}}},"3":{"name":"(anonymous_11)","decl":{"start":{"line":14,"column":19},"end":{"line":14,"column":26}},"loc":{"start":{"line":14,"column":67},"end":{"line":14,"column":null}}},"4":{"name":"(anonymous_12)","decl":{"start":{"line":14,"column":67},"end":{"line":14,"column":68}},"loc":{"start":{"line":14,"column":67},"end":{"line":14,"column":null}}}},"branchMap":{},"s":{"0":1,"1":1,"2":1,"3":1,"4":1,"5":1,"6":0,"7":0,"8":1,"9":0,"10":0,"11":1},"f":{"0":1,"1":0,"2":0,"3":0,"4":0},"b":{}}
,"/Users/akn/work/node/url-shortener-service/api/src/app/controllers/admin/shortenedurl/events/delete.event.ts": {"path":"/Users/akn/work/node/url-shortener-service/api/src/app/controllers/admin/shortenedurl/events/delete.event.ts","statementMap":{"0":{"start":{"line":12,"column":0},"end":{"line":12,"column":46}},"1":{"start":{"line":13,"column":33},"end":{"line":13,"column":43}},"2":{"start":{"line":17,"column":0},"end":{"line":17,"column":83}},"3":{"start":{"line":18,"column":0},"end":{"line":18,"column":68}},"4":{"start":{"line":21,"column":19},"end":{"line":21,"column":27}},"5":{"start":{"line":23,"column":2},"end":{"line":30,"column":null}},"6":{"start":{"line":24,"column":13},"end":{"line":29,"column":null}},"7":{"start":{"line":25,"column":6},"end":{"line":28,"column":null}},"8":{"start":{"line":32,"column":35},"end":{"line":32,"column":64}},"9":{"start":{"line":33,"column":2},"end":{"line":49,"column":null}},"10":{"start":{"line":34,"column":30},"end":{"line":34,"column":68}},"11":{"start":{"line":35,"column":17},"end":{"line":35,"column":68}},"12":{"start":{"line":36,"column":4},"end":{"line":36,"column":null}},"13":{"start":{"line":37,"column":4},"end":{"line":44,"column":null}},"14":{"start":{"line":38,"column":6},"end":{"line":38,"column":null}},"15":{"start":{"line":39,"column":43},"end":{"line":39,"column":75}},"16":{"start":{"line":40,"column":6},"end":{"line":40,"column":42}},"17":{"start":{"line":43,"column":6},"end":{"line":43,"column":null}},"18":{"start":{"line":48,"column":4},"end":{"line":48,"column":null}},"19":{"start":{"line":20,"column":0},"end":{"line":20,"column":22}}},"fnMap":{"0":{"name":"DeleteEvent","decl":{"start":{"line":20,"column":22},"end":{"line":20,"column":33}},"loc":{"start":{"line":20,"column":101},"end":{"line":51,"column":null}}},"1":{"name":"(anonymous_9)","decl":{"start":{"line":24,"column":4},"end":{"line":24,"column":10}},"loc":{"start":{"line":24,"column":13},"end":{"line":29,"column":null}}},"2":{"name":"(anonymous_10)","decl":{"start":{"line":24,"column":13},"end":{"line":24,"column":null}},"loc":{"start":{"line":24,"column":13},"end":{"line":29,"column":5}}}},"branchMap":{"0":{"loc":{"start":{"line":33,"column":2},"end":{"line":49,"column":null}},"type":"if","locations":[{"start":{"line":33,"column":2},"end":{"line":49,"column":null}},{"start":{"line":47,"column":6},"end":{"line":49,"column":null}}]},"1":{"loc":{"start":{"line":37,"column":4},"end":{"line":44,"column":null}},"type":"if","locations":[{"start":{"line":37,"column":4},"end":{"line":44,"column":null}},{"start":{"line":42,"column":8},"end":{"line":44,"column":null}}]}},"s":{"0":1,"1":1,"2":1,"3":1,"4":0,"5":0,"6":0,"7":0,"8":0,"9":0,"10":0,"11":0,"12":0,"13":0,"14":0,"15":0,"16":0,"17":0,"18":0,"19":1},"f":{"0":0,"1":0,"2":0},"b":{"0":[0,0],"1":[0,0]}}
,"/Users/akn/work/node/url-shortener-service/api/src/app/controllers/admin/shortenedurl/events/getlist.event.ts": {"path":"/Users/akn/work/node/url-shortener-service/api/src/app/controllers/admin/shortenedurl/events/getlist.event.ts","statementMap":{"0":{"start":{"line":11,"column":0},"end":{"line":11,"column":46}},"1":{"start":{"line":12,"column":33},"end":{"line":12,"column":43}},"2":{"start":{"line":16,"column":0},"end":{"line":16,"column":83}},"3":{"start":{"line":19,"column":19},"end":{"line":19,"column":27}},"4":{"start":{"line":21,"column":2},"end":{"line":44,"column":null}},"5":{"start":{"line":22,"column":13},"end":{"line":43,"column":null}},"6":{"start":{"line":23,"column":6},"end":{"line":26,"column":null}},"7":{"start":{"line":28,"column":6},"end":{"line":31,"column":null}},"8":{"start":{"line":33,"column":6},"end":{"line":42,"column":13}},"9":{"start":{"line":37,"column":12},"end":{"line":39,"column":null}},"10":{"start":{"line":38,"column":14},"end":{"line":38,"column":null}},"11":{"start":{"line":40,"column":12},"end":{"line":40,"column":24}},"12":{"start":{"line":46,"column":35},"end":{"line":46,"column":64}},"13":{"start":{"line":47,"column":2},"end":{"line":72,"column":null}},"14":{"start":{"line":48,"column":30},"end":{"line":48,"column":68}},"15":{"start":{"line":49,"column":28},"end":{"line":49,"column":30}},"16":{"start":{"line":50,"column":4},"end":{"line":52,"column":null}},"17":{"start":{"line":51,"column":6},"end":{"line":51,"column":null}},"18":{"start":{"line":54,"column":33},"end":{"line":55,"column":60}},"19":{"start":{"line":57,"column":4},"end":{"line":67,"column":null}},"20":{"start":{"line":58,"column":6},"end":{"line":58,"column":41}},"21":{"start":{"line":61,"column":55},"end":{"line":65,"column":7}},"22":{"start":{"line":66,"column":5},"end":{"line":66,"column":41}},"23":{"start":{"line":71,"column":4},"end":{"line":71,"column":null}},"24":{"start":{"line":18,"column":0},"end":{"line":18,"column":22}}},"fnMap":{"0":{"name":"GetListFunctionEvent","decl":{"start":{"line":18,"column":22},"end":{"line":18,"column":42}},"loc":{"start":{"line":18,"column":110},"end":{"line":74,"column":null}}},"1":{"name":"(anonymous_9)","decl":{"start":{"line":22,"column":4},"end":{"line":22,"column":10}},"loc":{"start":{"line":22,"column":13},"end":{"line":43,"column":null}}},"2":{"name":"(anonymous_10)","decl":{"start":{"line":22,"column":13},"end":{"line":22,"column":null}},"loc":{"start":{"line":22,"column":13},"end":{"line":43,"column":5}}},"3":{"name":"(anonymous_11)","decl":{"start":{"line":36,"column":10},"end":{"line":36,"column":11}},"loc":{"start":{"line":36,"column":26},"end":{"line":41,"column":11}}}},"branchMap":{"0":{"loc":{"start":{"line":37,"column":12},"end":{"line":39,"column":null}},"type":"if","locations":[{"start":{"line":37,"column":12},"end":{"line":39,"column":null}}]},"1":{"loc":{"start":{"line":37,"column":17},"end":{"line":37,"column":69}},"type":"binary-expr","locations":[{"start":{"line":37,"column":17},"end":{"line":37,"column":45}},{"start":{"line":37,"column":49},"end":{"line":37,"column":69}}]},"2":{"loc":{"start":{"line":47,"column":2},"end":{"line":72,"column":null}},"type":"if","locations":[{"start":{"line":47,"column":2},"end":{"line":72,"column":null}},{"start":{"line":70,"column":6},"end":{"line":72,"column":null}}]},"3":{"loc":{"start":{"line":50,"column":4},"end":{"line":52,"column":null}},"type":"if","locations":[{"start":{"line":50,"column":4},"end":{"line":52,"column":null}}]},"4":{"loc":{"start":{"line":50,"column":9},"end":{"line":50,"column":58}},"type":"binary-expr","locations":[{"start":{"line":50,"column":9},"end":{"line":50,"column":35}},{"start":{"line":50,"column":39},"end":{"line":50,"column":58}}]},"5":{"loc":{"start":{"line":57,"column":4},"end":{"line":67,"column":null}},"type":"if","locations":[{"start":{"line":57,"column":4},"end":{"line":67,"column":null}},{"start":{"line":60,"column":7},"end":{"line":67,"column":null}}]}},"s":{"0":1,"1":1,"2":1,"3":0,"4":0,"5":0,"6":0,"7":0,"8":0,"9":0,"10":0,"11":0,"12":0,"13":0,"14":0,"15":0,"16":0,"17":0,"18":0,"19":0,"20":0,"21":0,"22":0,"23":0,"24":1},"f":{"0":0,"1":0,"2":0,"3":0},"b":{"0":[0],"1":[0,0],"2":[0,0],"3":[0],"4":[0,0],"5":[0,0]}}
,"/Users/akn/work/node/url-shortener-service/api/src/app/controllers/shortenedurl/shortenedurl.controller.ts": {"path":"/Users/akn/work/node/url-shortener-service/api/src/app/controllers/shortenedurl/shortenedurl.controller.ts","statementMap":{"0":{"start":{"line":1,"column":0},"end":{"line":1,"column":56}},"1":{"start":{"line":4,"column":0},"end":{"line":4,"column":48}},"2":{"start":{"line":5,"column":0},"end":{"line":5,"column":56}},"3":{"start":{"line":6,"column":0},"end":{"line":6,"column":64}},"4":{"start":{"line":7,"column":0},"end":{"line":7,"column":68}},"5":{"start":{"line":10,"column":4},"end":{"line":10,"column":22}},"6":{"start":{"line":9,"column":21},"end":{"line":9,"column":49}},"7":{"start":{"line":13,"column":2},"end":{"line":13,"column":null}},"8":{"start":{"line":13,"column":65},"end":{"line":13,"column":null}},"9":{"start":{"line":13,"column":66},"end":{"line":13,"column":null}},"10":{"start":{"line":15,"column":2},"end":{"line":15,"column":null}},"11":{"start":{"line":15,"column":72},"end":{"line":15,"column":null}},"12":{"start":{"line":15,"column":73},"end":{"line":15,"column":null}},"13":{"start":{"line":17,"column":2},"end":{"line":17,"column":null}},"14":{"start":{"line":17,"column":82},"end":{"line":17,"column":null}},"15":{"start":{"line":17,"column":83},"end":{"line":17,"column":null}},"16":{"start":{"line":19,"column":2},"end":{"line":19,"column":null}},"17":{"start":{"line":19,"column":67},"end":{"line":19,"column":null}},"18":{"start":{"line":19,"column":68},"end":{"line":19,"column":null}},"19":{"start":{"line":8,"column":0},"end":{"line":8,"column":13}}},"fnMap":{"0":{"name":"(anonymous_8)","decl":{"start":{"line":9,"column":2},"end":{"line":9,"column":21}},"loc":{"start":{"line":9,"column":49},"end":{"line":11,"column":3}}},"1":{"name":"(anonymous_9)","decl":{"start":{"line":13,"column":17},"end":{"line":13,"column":24}},"loc":{"start":{"line":13,"column":65},"end":{"line":13,"column":null}}},"2":{"name":"(anonymous_10)","decl":{"start":{"line":13,"column":65},"end":{"line":13,"column":66}},"loc":{"start":{"line":13,"column":65},"end":{"line":13,"column":null}}},"3":{"name":"(anonymous_11)","decl":{"start":{"line":15,"column":24},"end":{"line":15,"column":31}},"loc":{"start":{"line":15,"column":72},"end":{"line":15,"column":null}}},"4":{"name":"(anonymous_12)","decl":{"start":{"line":15,"column":72},"end":{"line":15,"column":73}},"loc":{"start":{"line":15,"column":72},"end":{"line":15,"column":null}}},"5":{"name":"(anonymous_13)","decl":{"start":{"line":17,"column":17},"end":{"line":17,"column":24}},"loc":{"start":{"line":17,"column":82},"end":{"line":17,"column":null}}},"6":{"name":"(anonymous_14)","decl":{"start":{"line":17,"column":82},"end":{"line":17,"column":83}},"loc":{"start":{"line":17,"column":82},"end":{"line":17,"column":null}}},"7":{"name":"(anonymous_15)","decl":{"start":{"line":19,"column":19},"end":{"line":19,"column":26}},"loc":{"start":{"line":19,"column":67},"end":{"line":19,"column":null}}},"8":{"name":"(anonymous_16)","decl":{"start":{"line":19,"column":67},"end":{"line":19,"column":68}},"loc":{"start":{"line":19,"column":67},"end":{"line":19,"column":null}}}},"branchMap":{},"s":{"0":1,"1":1,"2":1,"3":1,"4":1,"5":1,"6":1,"7":1,"8":0,"9":0,"10":1,"11":0,"12":0,"13":1,"14":0,"15":0,"16":1,"17":0,"18":0,"19":1},"f":{"0":1,"1":0,"2":0,"3":0,"4":0,"5":0,"6":0,"7":0,"8":0},"b":{}}
,"/Users/akn/work/node/url-shortener-service/api/src/app/controllers/shortenedurl/events/generate.event.ts": {"path":"/Users/akn/work/node/url-shortener-service/api/src/app/controllers/shortenedurl/events/generate.event.ts","statementMap":{"0":{"start":{"line":9,"column":0},"end":{"line":9,"column":46}},"1":{"start":{"line":10,"column":33},"end":{"line":10,"column":43}},"2":{"start":{"line":12,"column":0},"end":{"line":12,"column":90}},"3":{"start":{"line":14,"column":0},"end":{"line":14,"column":83}},"4":{"start":{"line":16,"column":0},"end":{"line":16,"column":41}},"5":{"start":{"line":19,"column":19},"end":{"line":19,"column":27}},"6":{"start":{"line":21,"column":2},"end":{"line":49,"column":null}},"7":{"start":{"line":22,"column":13},"end":{"line":48,"column":null}},"8":{"start":{"line":23,"column":6},"end":{"line":24,"column":null}},"9":{"start":{"line":25,"column":6},"end":{"line":35,"column":62}},"10":{"start":{"line":31,"column":30},"end":{"line":31,"column":86}},"11":{"start":{"line":32,"column":32},"end":{"line":32,"column":97}},"12":{"start":{"line":33,"column":12},"end":{"line":33,"column":27}},"13":{"start":{"line":37,"column":6},"end":{"line":47,"column":13}},"14":{"start":{"line":42,"column":12},"end":{"line":44,"column":null}},"15":{"start":{"line":43,"column":14},"end":{"line":43,"column":null}},"16":{"start":{"line":45,"column":12},"end":{"line":45,"column":24}},"17":{"start":{"line":51,"column":35},"end":{"line":51,"column":64}},"18":{"start":{"line":52,"column":2},"end":{"line":99,"column":null}},"19":{"start":{"line":53,"column":20},"end":{"line":53,"column":21}},"20":{"start":{"line":54,"column":30},"end":{"line":54,"column":68}},"21":{"start":{"line":57,"column":19},"end":{"line":79,"column":null}},"22":{"start":{"line":57,"column":64},"end":{"line":79,"column":null}},"23":{"start":{"line":58,"column":6},"end":{"line":77,"column":9}},"24":{"start":{"line":58,"column":49},"end":{"line":77,"column":8}},"25":{"start":{"line":59,"column":35},"end":{"line":66,"column":null}},"26":{"start":{"line":67,"column":21},"end":{"line":67,"column":61}},"27":{"start":{"line":68,"column":8},"end":{"line":76,"column":null}},"28":{"start":{"line":69,"column":31},"end":{"line":69,"column":67}},"29":{"start":{"line":70,"column":10},"end":{"line":70,"column":null}},"30":{"start":{"line":73,"column":10},"end":{"line":73,"column":57}},"31":{"start":{"line":75,"column":10},"end":{"line":75,"column":null}},"32":{"start":{"line":80,"column":24},"end":{"line":80,"column":63}},"33":{"start":{"line":81,"column":21},"end":{"line":81,"column":44}},"34":{"start":{"line":85,"column":29},"end":{"line":89,"column":null}},"35":{"start":{"line":91,"column":46},"end":{"line":94,"column":6}},"36":{"start":{"line":95,"column":4},"end":{"line":95,"column":43}},"37":{"start":{"line":98,"column":4},"end":{"line":98,"column":null}},"38":{"start":{"line":18,"column":0},"end":{"line":18,"column":22}}},"fnMap":{"0":{"name":"GenerateEvent","decl":{"start":{"line":18,"column":22},"end":{"line":18,"column":35}},"loc":{"start":{"line":18,"column":103},"end":{"line":101,"column":null}}},"1":{"name":"(anonymous_10)","decl":{"start":{"line":22,"column":4},"end":{"line":22,"column":10}},"loc":{"start":{"line":22,"column":13},"end":{"line":48,"column":null}}},"2":{"name":"(anonymous_11)","decl":{"start":{"line":22,"column":13},"end":{"line":22,"column":null}},"loc":{"start":{"line":22,"column":13},"end":{"line":48,"column":5}}},"3":{"name":"(anonymous_12)","decl":{"start":{"line":29,"column":10},"end":{"line":29,"column":20}},"loc":{"start":{"line":29,"column":22},"end":{"line":34,"column":11}}},"4":{"name":"(anonymous_13)","decl":{"start":{"line":41,"column":10},"end":{"line":41,"column":11}},"loc":{"start":{"line":41,"column":26},"end":{"line":46,"column":11}}},"5":{"name":"(anonymous_14)","decl":{"start":{"line":57,"column":19},"end":{"line":57,"column":26}},"loc":{"start":{"line":57,"column":64},"end":{"line":79,"column":null}}},"6":{"name":"(anonymous_15)","decl":{"start":{"line":57,"column":64},"end":{"line":57,"column":null}},"loc":{"start":{"line":57,"column":64},"end":{"line":79,"column":5}}},"7":{"name":"(anonymous_16)","decl":{"start":{"line":58,"column":25},"end":{"line":58,"column":32}},"loc":{"start":{"line":58,"column":49},"end":{"line":77,"column":8}}},"8":{"name":"(anonymous_17)","decl":{"start":{"line":58,"column":49},"end":{"line":58,"column":null}},"loc":{"start":{"line":58,"column":49},"end":{"line":77,"column":7}}}},"branchMap":{"0":{"loc":{"start":{"line":31,"column":56},"end":{"line":31,"column":85}},"type":"binary-expr","locations":[{"start":{"line":31,"column":56},"end":{"line":31,"column":76}},{"start":{"line":31,"column":78},"end":{"line":31,"column":85}}]},"1":{"loc":{"start":{"line":42,"column":12},"end":{"line":44,"column":null}},"type":"if","locations":[{"start":{"line":42,"column":12},"end":{"line":44,"column":null}}]},"2":{"loc":{"start":{"line":42,"column":17},"end":{"line":42,"column":79}},"type":"binary-expr","locations":[{"start":{"line":42,"column":17},"end":{"line":42,"column":50}},{"start":{"line":42,"column":54},"end":{"line":42,"column":79}}]},"3":{"loc":{"start":{"line":52,"column":2},"end":{"line":99,"column":null}},"type":"if","locations":[{"start":{"line":52,"column":2},"end":{"line":99,"column":null}},{"start":{"line":97,"column":6},"end":{"line":99,"column":null}}]},"4":{"loc":{"start":{"line":62,"column":58},"end":{"line":62,"column":87}},"type":"binary-expr","locations":[{"start":{"line":62,"column":58},"end":{"line":62,"column":78}},{"start":{"line":62,"column":80},"end":{"line":62,"column":87}}]},"5":{"loc":{"start":{"line":68,"column":8},"end":{"line":76,"column":null}},"type":"if","locations":[{"start":{"line":68,"column":8},"end":{"line":76,"column":null}},{"start":{"line":72,"column":12},"end":{"line":76,"column":null}}]}},"s":{"0":1,"1":1,"2":1,"3":1,"4":1,"5":0,"6":0,"7":0,"8":0,"9":0,"10":0,"11":0,"12":0,"13":0,"14":0,"15":0,"16":0,"17":0,"18":0,"19":0,"20":0,"21":0,"22":0,"23":0,"24":0,"25":0,"26":0,"27":0,"28":0,"29":0,"30":0,"31":0,"32":0,"33":0,"34":0,"35":0,"36":0,"37":0,"38":1},"f":{"0":0,"1":0,"2":0,"3":0,"4":0,"5":0,"6":0,"7":0,"8":0},"b":{"0":[0,0],"1":[0],"2":[0,0],"3":[0,0],"4":[0,0],"5":[0,0]}}
,"/Users/akn/work/node/url-shortener-service/api/src/app/controllers/shortenedurl/events/getCacheData.event.ts": {"path":"/Users/akn/work/node/url-shortener-service/api/src/app/controllers/shortenedurl/events/getCacheData.event.ts","statementMap":{"0":{"start":{"line":9,"column":0},"end":{"line":9,"column":46}},"1":{"start":{"line":10,"column":33},"end":{"line":10,"column":43}},"2":{"start":{"line":14,"column":0},"end":{"line":14,"column":83}},"3":{"start":{"line":16,"column":0},"end":{"line":16,"column":68}},"4":{"start":{"line":19,"column":19},"end":{"line":19,"column":27}},"5":{"start":{"line":21,"column":2},"end":{"line":28,"column":null}},"6":{"start":{"line":22,"column":13},"end":{"line":27,"column":null}},"7":{"start":{"line":23,"column":6},"end":{"line":26,"column":null}},"8":{"start":{"line":31,"column":35},"end":{"line":31,"column":64}},"9":{"start":{"line":32,"column":2},"end":{"line":64,"column":null}},"10":{"start":{"line":33,"column":34},"end":{"line":33,"column":50}},"11":{"start":{"line":34,"column":32},"end":{"line":34,"column":71}},"12":{"start":{"line":35,"column":4},"end":{"line":60,"column":null}},"13":{"start":{"line":40,"column":6},"end":{"line":40,"column":25}},"14":{"start":{"line":48,"column":6},"end":{"line":48,"column":null}},"15":{"start":{"line":50,"column":30},"end":{"line":54,"column":null}},"16":{"start":{"line":55,"column":48},"end":{"line":58,"column":8}},"17":{"start":{"line":59,"column":6},"end":{"line":59,"column":45}},"18":{"start":{"line":63,"column":4},"end":{"line":63,"column":null}},"19":{"start":{"line":18,"column":0},"end":{"line":18,"column":22}}},"fnMap":{"0":{"name":"GetCacheDataEvent","decl":{"start":{"line":18,"column":22},"end":{"line":18,"column":39}},"loc":{"start":{"line":18,"column":124},"end":{"line":66,"column":null}}},"1":{"name":"(anonymous_9)","decl":{"start":{"line":22,"column":4},"end":{"line":22,"column":10}},"loc":{"start":{"line":22,"column":13},"end":{"line":27,"column":null}}},"2":{"name":"(anonymous_10)","decl":{"start":{"line":22,"column":13},"end":{"line":22,"column":null}},"loc":{"start":{"line":22,"column":13},"end":{"line":27,"column":5}}}},"branchMap":{"0":{"loc":{"start":{"line":32,"column":2},"end":{"line":64,"column":null}},"type":"if","locations":[{"start":{"line":32,"column":2},"end":{"line":64,"column":null}},{"start":{"line":62,"column":6},"end":{"line":64,"column":null}}]},"1":{"loc":{"start":{"line":35,"column":4},"end":{"line":60,"column":null}},"type":"if","locations":[{"start":{"line":35,"column":4},"end":{"line":60,"column":null}},{"start":{"line":42,"column":8},"end":{"line":60,"column":null}}]}},"s":{"0":1,"1":1,"2":1,"3":1,"4":0,"5":0,"6":0,"7":0,"8":0,"9":0,"10":0,"11":0,"12":0,"13":0,"14":0,"15":0,"16":0,"17":0,"18":0,"19":1},"f":{"0":0,"1":0,"2":0},"b":{"0":[0,0],"1":[0,0]}}
,"/Users/akn/work/node/url-shortener-service/api/src/app/controllers/shortenedurl/events/getDatabaeData.event.ts": {"path":"/Users/akn/work/node/url-shortener-service/api/src/app/controllers/shortenedurl/events/getDatabaeData.event.ts","statementMap":{"0":{"start":{"line":10,"column":0},"end":{"line":10,"column":46}},"1":{"start":{"line":11,"column":33},"end":{"line":11,"column":43}},"2":{"start":{"line":13,"column":0},"end":{"line":13,"column":55}},"3":{"start":{"line":15,"column":0},"end":{"line":15,"column":83}},"4":{"start":{"line":16,"column":0},"end":{"line":16,"column":68}},"5":{"start":{"line":19,"column":19},"end":{"line":19,"column":27}},"6":{"start":{"line":21,"column":2},"end":{"line":25,"column":null}},"7":{"start":{"line":22,"column":13},"end":{"line":24,"column":null}},"8":{"start":{"line":23,"column":6},"end":{"line":23,"column":null}},"9":{"start":{"line":27,"column":35},"end":{"line":27,"column":64}},"10":{"start":{"line":28,"column":2},"end":{"line":92,"column":null}},"11":{"start":{"line":29,"column":30},"end":{"line":29,"column":68}},"12":{"start":{"line":30,"column":15},"end":{"line":30,"column":76}},"13":{"start":{"line":31,"column":4},"end":{"line":31,"column":null}},"14":{"start":{"line":32,"column":4},"end":{"line":87,"column":null}},"15":{"start":{"line":34,"column":6},"end":{"line":34,"column":null}},"16":{"start":{"line":36,"column":9},"end":{"line":87,"column":null}},"17":{"start":{"line":37,"column":6},"end":{"line":37,"column":null}},"18":{"start":{"line":40,"column":20},"end":{"line":40,"column":45}},"19":{"start":{"line":41,"column":20},"end":{"line":41,"column":63}},"20":{"start":{"line":42,"column":6},"end":{"line":86,"column":null}},"21":{"start":{"line":44,"column":8},"end":{"line":44,"column":null}},"22":{"start":{"line":45,"column":8},"end":{"line":45,"column":null}},"23":{"start":{"line":46,"column":8},"end":{"line":46,"column":null}},"24":{"start":{"line":47,"column":8},"end":{"line":47,"column":null}},"25":{"start":{"line":48,"column":8},"end":{"line":48,"column":null}},"26":{"start":{"line":49,"column":33},"end":{"line":53,"column":null}},"27":{"start":{"line":54,"column":50},"end":{"line":57,"column":10}},"28":{"start":{"line":63,"column":8},"end":{"line":63,"column":null}},"29":{"start":{"line":64,"column":8},"end":{"line":74,"column":null}},"30":{"start":{"line":70,"column":40},"end":{"line":70,"column":56}},"31":{"start":{"line":72,"column":10},"end":{"line":72,"column":null}},"32":{"start":{"line":75,"column":8},"end":{"line":75,"column":47}},"33":{"start":{"line":79,"column":8},"end":{"line":79,"column":null}},"34":{"start":{"line":80,"column":8},"end":{"line":80,"column":null}},"35":{"start":{"line":81,"column":8},"end":{"line":81,"column":null}},"36":{"start":{"line":82,"column":8},"end":{"line":82,"column":null}},"37":{"start":{"line":83,"column":8},"end":{"line":83,"column":null}},"38":{"start":{"line":84,"column":8},"end":{"line":84,"column":null}},"39":{"start":{"line":85,"column":8},"end":{"line":85,"column":null}},"40":{"start":{"line":91,"column":4},"end":{"line":91,"column":null}},"41":{"start":{"line":18,"column":0},"end":{"line":18,"column":22}}},"fnMap":{"0":{"name":"GetDatabaeDataEvent","decl":{"start":{"line":18,"column":22},"end":{"line":18,"column":41}},"loc":{"start":{"line":18,"column":109},"end":{"line":95,"column":null}}},"1":{"name":"(anonymous_9)","decl":{"start":{"line":22,"column":4},"end":{"line":22,"column":10}},"loc":{"start":{"line":22,"column":13},"end":{"line":24,"column":null}}},"2":{"name":"(anonymous_10)","decl":{"start":{"line":22,"column":13},"end":{"line":22,"column":null}},"loc":{"start":{"line":22,"column":13},"end":{"line":24,"column":5}}}},"branchMap":{"0":{"loc":{"start":{"line":28,"column":2},"end":{"line":92,"column":null}},"type":"if","locations":[{"start":{"line":28,"column":2},"end":{"line":92,"column":null}},{"start":{"line":90,"column":6},"end":{"line":92,"column":null}}]},"1":{"loc":{"start":{"line":32,"column":4},"end":{"line":87,"column":null}},"type":"if","locations":[{"start":{"line":32,"column":4},"end":{"line":87,"column":null}},{"start":{"line":36,"column":9},"end":{"line":87,"column":null}}]},"2":{"loc":{"start":{"line":36,"column":9},"end":{"line":87,"column":null}},"type":"if","locations":[{"start":{"line":36,"column":9},"end":{"line":87,"column":null}},{"start":{"line":39,"column":8},"end":{"line":87,"column":null}}]},"3":{"loc":{"start":{"line":36,"column":14},"end":{"line":36,"column":67}},"type":"binary-expr","locations":[{"start":{"line":36,"column":14},"end":{"line":36,"column":36}},{"start":{"line":36,"column":40},"end":{"line":36,"column":67}}]},"4":{"loc":{"start":{"line":42,"column":6},"end":{"line":86,"column":null}},"type":"if","locations":[{"start":{"line":42,"column":6},"end":{"line":86,"column":null}},{"start":{"line":77,"column":10},"end":{"line":86,"column":null}}]},"5":{"loc":{"start":{"line":64,"column":8},"end":{"line":74,"column":null}},"type":"if","locations":[{"start":{"line":64,"column":8},"end":{"line":74,"column":null}}]}},"s":{"0":1,"1":1,"2":1,"3":1,"4":1,"5":0,"6":0,"7":0,"8":0,"9":0,"10":0,"11":0,"12":0,"13":0,"14":0,"15":0,"16":0,"17":0,"18":0,"19":0,"20":0,"21":0,"22":0,"23":0,"24":0,"25":0,"26":0,"27":0,"28":0,"29":0,"30":0,"31":0,"32":0,"33":0,"34":0,"35":0,"36":0,"37":0,"38":0,"39":0,"40":0,"41":1},"f":{"0":0,"1":0,"2":0},"b":{"0":[0,0],"1":[0,0],"2":[0,0],"3":[0,0],"4":[0,0],"5":[0]}}
,"/Users/akn/work/node/url-shortener-service/api/src/app/controllers/shortenedurl/events/test.event.ts": {"path":"/Users/akn/work/node/url-shortener-service/api/src/app/controllers/shortenedurl/events/test.event.ts","statementMap":{"0":{"start":{"line":7,"column":0},"end":{"line":7,"column":46}},"1":{"start":{"line":8,"column":20},"end":{"line":8,"column":30}},"2":{"start":{"line":11,"column":19},"end":{"line":11,"column":27}},"3":{"start":{"line":12,"column":39},"end":{"line":12,"column":69}},"4":{"start":{"line":13,"column":2},"end":{"line":13,"column":38}},"5":{"start":{"line":10,"column":0},"end":{"line":10,"column":22}}},"fnMap":{"0":{"name":"TestEvent","decl":{"start":{"line":10,"column":22},"end":{"line":10,"column":31}},"loc":{"start":{"line":10,"column":99},"end":{"line":14,"column":null}}}},"branchMap":{},"s":{"0":1,"1":1,"2":0,"3":0,"4":0,"5":1},"f":{"0":0},"b":{}}
,"/Users/akn/work/node/url-shortener-service/api/src/app/controllers/swagger/index.ts": {"path":"/Users/akn/work/node/url-shortener-service/api/src/app/controllers/swagger/index.ts","statementMap":{"0":{"start":{"line":1,"column":0},"end":{"line":82,"column":null}}},"fnMap":{},"branchMap":{},"s":{"0":1},"f":{},"b":{}}
,"/Users/akn/work/node/url-shortener-service/api/src/app/models/shortenedUrl.model.ts": {"path":"/Users/akn/work/node/url-shortener-service/api/src/app/models/shortenedUrl.model.ts","statementMap":{"0":{"start":{"line":1,"column":0},"end":{"line":1,"column":59}},"1":{"start":{"line":3,"column":0},"end":{"line":3,"column":90}},"2":{"start":{"line":18,"column":4},"end":{"line":18,"column":null}},"3":{"start":{"line":22,"column":4},"end":{"line":38,"column":7}},"4":{"start":{"line":23,"column":26},"end":{"line":23,"column":88}},"5":{"start":{"line":24,"column":6},"end":{"line":37,"column":9}},"6":{"start":{"line":25,"column":8},"end":{"line":28,"column":null}},"7":{"start":{"line":26,"column":10},"end":{"line":26,"column":22}},"8":{"start":{"line":27,"column":10},"end":{"line":27,"column":17}},"9":{"start":{"line":29,"column":8},"end":{"line":36,"column":null}},"10":{"start":{"line":30,"column":10},"end":{"line":30,"column":26}},"11":{"start":{"line":31,"column":10},"end":{"line":31,"column":17}},"12":{"start":{"line":34,"column":10},"end":{"line":34,"column":31}},"13":{"start":{"line":35,"column":10},"end":{"line":35,"column":17}},"14":{"start":{"line":42,"column":4},"end":{"line":52,"column":7}},"15":{"start":{"line":43,"column":24},"end":{"line":43,"column":102}},"16":{"start":{"line":44,"column":6},"end":{"line":51,"column":9}},"17":{"start":{"line":45,"column":8},"end":{"line":49,"column":null}},"18":{"start":{"line":47,"column":10},"end":{"line":47,"column":23}},"19":{"start":{"line":48,"column":10},"end":{"line":48,"column":17}},"20":{"start":{"line":50,"column":8},"end":{"line":50,"column":21}},"21":{"start":{"line":56,"column":4},"end":{"line":68,"column":7}},"22":{"start":{"line":58,"column":25},"end":{"line":58,"column":82}},"23":{"start":{"line":59,"column":6},"end":{"line":64,"column":null}},"24":{"start":{"line":60,"column":8},"end":{"line":60,"column":null}},"25":{"start":{"line":63,"column":8},"end":{"line":63,"column":null}},"26":{"start":{"line":65,"column":6},"end":{"line":65,"column":null}},"27":{"start":{"line":66,"column":20},"end":{"line":66,"column":58}},"28":{"start":{"line":67,"column":6},"end":{"line":67,"column":23}},"29":{"start":{"line":72,"column":13},"end":{"line":72,"column":17}},"30":{"start":{"line":73,"column":25},"end":{"line":73,"column":68}},"31":{"start":{"line":75,"column":4},"end":{"line":84,"column":7}},"32":{"start":{"line":76,"column":6},"end":{"line":83,"column":9}},"33":{"start":{"line":78,"column":8},"end":{"line":81,"column":null}},"34":{"start":{"line":79,"column":10},"end":{"line":79,"column":22}},"35":{"start":{"line":80,"column":10},"end":{"line":80,"column":17}},"36":{"start":{"line":82,"column":8},"end":{"line":82,"column":21}},"37":{"start":{"line":16,"column":0},"end":{"line":16,"column":13}}},"fnMap":{"0":{"name":"(anonymous_7)","decl":{"start":{"line":17,"column":2},"end":{"line":17,"column":null}},"loc":{"start":{"line":17,"column":2},"end":{"line":19,"column":3}}},"1":{"name":"(anonymous_8)","decl":{"start":{"line":21,"column":8},"end":{"line":21,"column":17}},"loc":{"start":{"line":21,"column":30},"end":{"line":39,"column":null}}},"2":{"name":"(anonymous_10)","decl":{"start":{"line":22,"column":23},"end":{"line":22,"column":24}},"loc":{"start":{"line":22,"column":41},"end":{"line":38,"column":5}}},"3":{"name":"(anonymous_11)","decl":{"start":{"line":24,"column":37},"end":{"line":24,"column":38}},"loc":{"start":{"line":24,"column":50},"end":{"line":37,"column":7}}},"4":{"name":"(anonymous_12)","decl":{"start":{"line":40,"column":8},"end":{"line":40,"column":25}},"loc":{"start":{"line":40,"column":38},"end":{"line":53,"column":null}}},"5":{"name":"(anonymous_14)","decl":{"start":{"line":42,"column":23},"end":{"line":42,"column":30}},"loc":{"start":{"line":42,"column":32},"end":{"line":52,"column":5}}},"6":{"name":"(anonymous_15)","decl":{"start":{"line":44,"column":43},"end":{"line":44,"column":44}},"loc":{"start":{"line":44,"column":56},"end":{"line":51,"column":7}}},"7":{"name":"(anonymous_16)","decl":{"start":{"line":55,"column":8},"end":{"line":55,"column":15}},"loc":{"start":{"line":55,"column":66},"end":{"line":69,"column":null}}},"8":{"name":"(anonymous_18)","decl":{"start":{"line":56,"column":23},"end":{"line":56,"column":30}},"loc":{"start":{"line":56,"column":32},"end":{"line":68,"column":5}}},"9":{"name":"(anonymous_19)","decl":{"start":{"line":71,"column":2},"end":{"line":71,"column":14}},"loc":{"start":{"line":71,"column":28},"end":{"line":85,"column":3}}},"10":{"name":"(anonymous_20)","decl":{"start":{"line":75,"column":23},"end":{"line":75,"column":24}},"loc":{"start":{"line":75,"column":42},"end":{"line":84,"column":5}}},"11":{"name":"(anonymous_21)","decl":{"start":{"line":76,"column":142},"end":{"line":76,"column":143}},"loc":{"start":{"line":76,"column":155},"end":{"line":83,"column":7}}}},"branchMap":{"0":{"loc":{"start":{"line":25,"column":8},"end":{"line":28,"column":null}},"type":"if","locations":[{"start":{"line":25,"column":8},"end":{"line":28,"column":null}}]},"1":{"loc":{"start":{"line":29,"column":8},"end":{"line":36,"column":null}},"type":"if","locations":[{"start":{"line":29,"column":8},"end":{"line":36,"column":null}},{"start":{"line":33,"column":12},"end":{"line":36,"column":null}}]},"2":{"loc":{"start":{"line":45,"column":8},"end":{"line":49,"column":null}},"type":"if","locations":[{"start":{"line":45,"column":8},"end":{"line":49,"column":null}}]},"3":{"loc":{"start":{"line":55,"column":16},"end":{"line":55,"column":32}},"type":"default-arg","locations":[{"start":{"line":55,"column":30},"end":{"line":55,"column":32}}]},"4":{"loc":{"start":{"line":59,"column":6},"end":{"line":64,"column":null}},"type":"if","locations":[{"start":{"line":59,"column":6},"end":{"line":64,"column":null}},{"start":{"line":62,"column":10},"end":{"line":64,"column":null}}]},"5":{"loc":{"start":{"line":78,"column":8},"end":{"line":81,"column":null}},"type":"if","locations":[{"start":{"line":78,"column":8},"end":{"line":81,"column":null}}]}},"s":{"0":1,"1":1,"2":0,"3":0,"4":0,"5":0,"6":0,"7":0,"8":0,"9":0,"10":0,"11":0,"12":0,"13":0,"14":0,"15":0,"16":0,"17":0,"18":0,"19":0,"20":0,"21":0,"22":0,"23":0,"24":0,"25":0,"26":0,"27":0,"28":0,"29":0,"30":0,"31":0,"32":0,"33":0,"34":0,"35":0,"36":0,"37":1},"f":{"0":0,"1":0,"2":0,"3":0,"4":0,"5":0,"6":0,"7":0,"8":0,"9":0,"10":0,"11":0},"b":{"0":[0],"1":[0,0],"2":[0],"3":[0],"4":[0,0],"5":[0]}}
,"/Users/akn/work/node/url-shortener-service/api/src/app/routes/adminapi.route.ts": {"path":"/Users/akn/work/node/url-shortener-service/api/src/app/routes/adminapi.route.ts","statementMap":{"0":{"start":{"line":4,"column":0},"end":{"line":4,"column":52}},"1":{"start":{"line":5,"column":0},"end":{"line":5,"column":85}},"2":{"start":{"line":6,"column":0},"end":{"line":6,"column":112}},"3":{"start":{"line":8,"column":27},"end":{"line":35,"column":3}},"4":{"start":{"line":9,"column":23},"end":{"line":9,"column":63}},"5":{"start":{"line":10,"column":30},"end":{"line":10,"column":62}},"6":{"start":{"line":15,"column":2},"end":{"line":20,"column":null}},"7":{"start":{"line":22,"column":2},"end":{"line":33,"column":null}},"8":{"start":{"line":8,"column":13},"end":{"line":8,"column":27}}},"fnMap":{"0":{"name":"(anonymous_0)","decl":{"start":{"line":8,"column":27},"end":{"line":8,"column":28}},"loc":{"start":{"line":8,"column":56},"end":{"line":35,"column":3}}}},"branchMap":{},"s":{"0":1,"1":1,"2":1,"3":1,"4":1,"5":1,"6":1,"7":1,"8":1},"f":{"0":1},"b":{}}
,"/Users/akn/work/node/url-shortener-service/api/src/app/routes/api.route.ts": {"path":"/Users/akn/work/node/url-shortener-service/api/src/app/routes/api.route.ts","statementMap":{"0":{"start":{"line":4,"column":0},"end":{"line":4,"column":52}},"1":{"start":{"line":6,"column":0},"end":{"line":6,"column":93}},"2":{"start":{"line":8,"column":22},"end":{"line":30,"column":3}},"3":{"start":{"line":9,"column":33},"end":{"line":9,"column":68}},"4":{"start":{"line":13,"column":2},"end":{"line":29,"column":null}},"5":{"start":{"line":8,"column":13},"end":{"line":8,"column":22}}},"fnMap":{"0":{"name":"(anonymous_0)","decl":{"start":{"line":8,"column":22},"end":{"line":8,"column":23}},"loc":{"start":{"line":8,"column":51},"end":{"line":30,"column":3}}}},"branchMap":{},"s":{"0":1,"1":1,"2":1,"3":1,"4":1,"5":1},"f":{"0":1},"b":{}}
,"/Users/akn/work/node/url-shortener-service/api/src/app/routes/index.route.ts": {"path":"/Users/akn/work/node/url-shortener-service/api/src/app/routes/index.route.ts","statementMap":{"0":{"start":{"line":4,"column":0},"end":{"line":4,"column":36}},"1":{"start":{"line":5,"column":0},"end":{"line":5,"column":44}},"2":{"start":{"line":6,"column":0},"end":{"line":6,"column":46}},"3":{"start":{"line":8,"column":25},"end":{"line":12,"column":1}},"4":{"start":{"line":9,"column":2},"end":{"line":9,"column":null}},"5":{"start":{"line":10,"column":2},"end":{"line":10,"column":null}},"6":{"start":{"line":11,"column":2},"end":{"line":11,"column":null}},"7":{"start":{"line":8,"column":13},"end":{"line":8,"column":25}}},"fnMap":{"0":{"name":"(anonymous_0)","decl":{"start":{"line":8,"column":25},"end":{"line":8,"column":26}},"loc":{"start":{"line":8,"column":54},"end":{"line":12,"column":1}}}},"branchMap":{},"s":{"0":1,"1":1,"2":1,"3":1,"4":1,"5":1,"6":1,"7":1},"f":{"0":1},"b":{}}
,"/Users/akn/work/node/url-shortener-service/api/src/app/routes/swagger.route.ts": {"path":"/Users/akn/work/node/url-shortener-service/api/src/app/routes/swagger.route.ts","statementMap":{"0":{"start":{"line":7,"column":0},"end":{"line":7,"column":49}},"1":{"start":{"line":11,"column":0},"end":{"line":11,"column":55}},"2":{"start":{"line":13,"column":26},"end":{"line":15,"column":1}},"3":{"start":{"line":14,"column":2},"end":{"line":14,"column":77}},"4":{"start":{"line":13,"column":13},"end":{"line":13,"column":26}}},"fnMap":{"0":{"name":"(anonymous_1)","decl":{"start":{"line":13,"column":26},"end":{"line":13,"column":27}},"loc":{"start":{"line":13,"column":55},"end":{"line":15,"column":1}}}},"branchMap":{},"s":{"0":1,"1":1,"2":1,"3":1,"4":1},"f":{"0":1},"b":{}}
,"/Users/akn/work/node/url-shortener-service/api/src/core/common/config.ts": {"path":"/Users/akn/work/node/url-shortener-service/api/src/core/common/config.ts","statementMap":{"0":{"start":{"line":1,"column":0},"end":{"line":1,"column":27}},"1":{"start":{"line":3,"column":0},"end":{"line":3,"column":null}},"2":{"start":{"line":5,"column":0},"end":{"line":27,"column":null}}},"fnMap":{},"branchMap":{"0":{"loc":{"start":{"line":7,"column":10},"end":{"line":7,"column":54}},"type":"binary-expr","locations":[{"start":{"line":7,"column":10},"end":{"line":7,"column":39}},{"start":{"line":7,"column":43},"end":{"line":7,"column":54}}]},"1":{"loc":{"start":{"line":8,"column":10},"end":{"line":8,"column":47}},"type":"binary-expr","locations":[{"start":{"line":8,"column":10},"end":{"line":8,"column":39}},{"start":{"line":8,"column":43},"end":{"line":8,"column":47}}]},"2":{"loc":{"start":{"line":9,"column":10},"end":{"line":9,"column":51}},"type":"binary-expr","locations":[{"start":{"line":9,"column":10},"end":{"line":9,"column":39}},{"start":{"line":9,"column":43},"end":{"line":9,"column":51}}]},"3":{"loc":{"start":{"line":10,"column":14},"end":{"line":10,"column":48}},"type":"binary-expr","locations":[{"start":{"line":10,"column":14},"end":{"line":10,"column":42}},{"start":{"line":10,"column":46},"end":{"line":10,"column":48}}]},"4":{"loc":{"start":{"line":13,"column":10},"end":{"line":13,"column":51}},"type":"binary-expr","locations":[{"start":{"line":13,"column":10},"end":{"line":13,"column":36}},{"start":{"line":13,"column":40},"end":{"line":13,"column":51}}]},"5":{"loc":{"start":{"line":14,"column":10},"end":{"line":14,"column":44}},"type":"binary-expr","locations":[{"start":{"line":14,"column":10},"end":{"line":14,"column":36}},{"start":{"line":14,"column":40},"end":{"line":14,"column":44}}]},"6":{"loc":{"start":{"line":15,"column":10},"end":{"line":15,"column":45}},"type":"binary-expr","locations":[{"start":{"line":15,"column":10},"end":{"line":15,"column":35}},{"start":{"line":15,"column":39},"end":{"line":15,"column":45}}]},"7":{"loc":{"start":{"line":16,"column":14},"end":{"line":16,"column":55}},"type":"binary-expr","locations":[{"start":{"line":16,"column":14},"end":{"line":16,"column":42}},{"start":{"line":16,"column":46},"end":{"line":16,"column":55}}]},"8":{"loc":{"start":{"line":17,"column":14},"end":{"line":17,"column":52}},"type":"binary-expr","locations":[{"start":{"line":17,"column":14},"end":{"line":17,"column":43}},{"start":{"line":17,"column":47},"end":{"line":17,"column":52}}]},"9":{"loc":{"start":{"line":20,"column":10},"end":{"line":20,"column":46}},"type":"binary-expr","locations":[{"start":{"line":20,"column":10},"end":{"line":20,"column":38}},{"start":{"line":20,"column":42},"end":{"line":20,"column":46}}]},"10":{"loc":{"start":{"line":21,"column":10},"end":{"line":21,"column":53}},"type":"binary-expr","locations":[{"start":{"line":21,"column":10},"end":{"line":21,"column":38}},{"start":{"line":21,"column":42},"end":{"line":21,"column":53}}]},"11":{"loc":{"start":{"line":22,"column":15},"end":{"line":22,"column":43}},"type":"binary-expr","locations":[{"start":{"line":22,"column":15},"end":{"line":22,"column":36}},{"start":{"line":22,"column":40},"end":{"line":22,"column":43}}]},"12":{"loc":{"start":{"line":25,"column":11},"end":{"line":25,"column":121}},"type":"binary-expr","locations":[{"start":{"line":25,"column":11},"end":{"line":25,"column":32}},{"start":{"line":25,"column":36},"end":{"line":25,"column":121}}]}},"s":{"0":1,"1":1,"2":1},"f":{},"b":{"0":[1,0],"1":[1,0],"2":[1,0],"3":[1,0],"4":[1,0],"5":[1,0],"6":[1,0],"7":[1,0],"8":[1,0],"9":[1,0],"10":[1,0],"11":[1,1],"12":[1,1]}}
,"/Users/akn/work/node/url-shortener-service/api/src/core/common/controller.common.ts": {"path":"/Users/akn/work/node/url-shortener-service/api/src/core/common/controller.common.ts","statementMap":{"0":{"start":{"line":1,"column":0},"end":{"line":1,"column":55}},"1":{"start":{"line":9,"column":0},"end":{"line":9,"column":37}},"2":{"start":{"line":10,"column":0},"end":{"line":10,"column":41}},"3":{"start":{"line":11,"column":0},"end":{"line":11,"column":46}},"4":{"start":{"line":12,"column":33},"end":{"line":12,"column":43}},"5":{"start":{"line":19,"column":21},"end":{"line":19,"column":49}},"6":{"start":{"line":17,"column":2},"end":{"line":17,"column":23}},"7":{"start":{"line":75,"column":2},"end":{"line":94,"column":null}},"8":{"start":{"line":76,"column":4},"end":{"line":93,"column":null}},"9":{"start":{"line":76,"column":58},"end":{"line":93,"column":null}},"10":{"start":{"line":77,"column":6},"end":{"line":92,"column":null}},"11":{"start":{"line":78,"column":39},"end":{"line":78,"column":90}},"12":{"start":{"line":79,"column":8},"end":{"line":81,"column":null}},"13":{"start":{"line":80,"column":10},"end":{"line":80,"column":28}},"14":{"start":{"line":82,"column":8},"end":{"line":89,"column":null}},"15":{"start":{"line":83,"column":10},"end":{"line":83,"column":null}},"16":{"start":{"line":86,"column":26},"end":{"line":86,"column":95}},"17":{"start":{"line":87,"column":11},"end":{"line":87,"column":49}},"18":{"start":{"line":88,"column":10},"end":{"line":88,"column":29}},"19":{"start":{"line":91,"column":8},"end":{"line":91,"column":null}},"20":{"start":{"line":20,"column":4},"end":{"line":20,"column":37}},"21":{"start":{"line":24,"column":4},"end":{"line":24,"column":24}},"22":{"start":{"line":25,"column":4},"end":{"line":25,"column":16}},"23":{"start":{"line":29,"column":4},"end":{"line":31,"column":null}},"24":{"start":{"line":29,"column":58},"end":{"line":31,"column":null}},"25":{"start":{"line":30,"column":8},"end":{"line":30,"column":53}},"26":{"start":{"line":38,"column":17},"end":{"line":38,"column":68}},"27":{"start":{"line":39,"column":18},"end":{"line":39,"column":50}},"28":{"start":{"line":41,"column":4},"end":{"line":60,"column":7}},"29":{"start":{"line":42,"column":6},"end":{"line":59,"column":19}},"30":{"start":{"line":44,"column":10},"end":{"line":44,"column":28}},"31":{"start":{"line":45,"column":10},"end":{"line":45,"column":16}},"32":{"start":{"line":48,"column":10},"end":{"line":48,"column":27}},"33":{"start":{"line":49,"column":10},"end":{"line":49,"column":16}},"34":{"start":{"line":52,"column":10},"end":{"line":52,"column":27}},"35":{"start":{"line":53,"column":10},"end":{"line":53,"column":16}},"36":{"start":{"line":56,"column":10},"end":{"line":56,"column":30}},"37":{"start":{"line":57,"column":10},"end":{"line":57,"column":16}},"38":{"start":{"line":61,"column":4},"end":{"line":61,"column":16}},"39":{"start":{"line":65,"column":4},"end":{"line":65,"column":54}},"40":{"start":{"line":67,"column":4},"end":{"line":72,"column":null}},"41":{"start":{"line":68,"column":6},"end":{"line":68,"column":40}},"42":{"start":{"line":71,"column":6},"end":{"line":71,"column":66}},"43":{"start":{"line":14,"column":0},"end":{"line":14,"column":21}}},"fnMap":{"0":{"name":"(anonymous_10)","decl":{"start":{"line":19,"column":2},"end":{"line":19,"column":21}},"loc":{"start":{"line":19,"column":49},"end":{"line":21,"column":3}}},"1":{"name":"(anonymous_11)","decl":{"start":{"line":75,"column":13},"end":{"line":75,"column":14}},"loc":{"start":{"line":75,"column":53},"end":{"line":94,"column":3}}},"2":{"name":"(anonymous_12)","decl":{"start":{"line":76,"column":11},"end":{"line":76,"column":18}},"loc":{"start":{"line":76,"column":58},"end":{"line":93,"column":null}}},"3":{"name":"(anonymous_13)","decl":{"start":{"line":76,"column":58},"end":{"line":76,"column":null}},"loc":{"start":{"line":76,"column":58},"end":{"line":93,"column":5}}},"4":{"name":"(anonymous_14)","decl":{"start":{"line":23,"column":2},"end":{"line":23,"column":8}},"loc":{"start":{"line":23,"column":20},"end":{"line":26,"column":3}}},"5":{"name":"(anonymous_15)","decl":{"start":{"line":27,"column":2},"end":{"line":27,"column":17}},"loc":{"start":{"line":27,"column":62},"end":{"line":32,"column":3}}},"6":{"name":"(anonymous_16)","decl":{"start":{"line":29,"column":11},"end":{"line":29,"column":18}},"loc":{"start":{"line":29,"column":58},"end":{"line":31,"column":null}}},"7":{"name":"(anonymous_17)","decl":{"start":{"line":29,"column":58},"end":{"line":29,"column":null}},"loc":{"start":{"line":29,"column":58},"end":{"line":31,"column":5}}},"8":{"name":"(anonymous_18)","decl":{"start":{"line":33,"column":2},"end":{"line":33,"column":7}},"loc":{"start":{"line":33,"column":66},"end":{"line":62,"column":3}}},"9":{"name":"(anonymous_19)","decl":{"start":{"line":41,"column":20},"end":{"line":41,"column":26}},"loc":{"start":{"line":41,"column":28},"end":{"line":60,"column":5}}},"10":{"name":"(anonymous_20)","decl":{"start":{"line":64,"column":2},"end":{"line":64,"column":10}},"loc":{"start":{"line":64,"column":83},"end":{"line":73,"column":3}}}},"branchMap":{"0":{"loc":{"start":{"line":78,"column":39},"end":{"line":78,"column":90}},"type":"cond-expr","locations":[{"start":{"line":78,"column":66},"end":{"line":78,"column":68}},{"start":{"line":78,"column":66},"end":{"line":78,"column":90}}]},"1":{"loc":{"start":{"line":78,"column":39},"end":{"line":78,"column":68}},"type":"binary-expr","locations":[{"start":{"line":78,"column":39},"end":{"line":78,"column":68}},{"start":{"line":78,"column":66},"end":{"line":78,"column":68}}]},"2":{"loc":{"start":{"line":79,"column":8},"end":{"line":81,"column":null}},"type":"if","locations":[{"start":{"line":79,"column":8},"end":{"line":81,"column":null}}]},"3":{"loc":{"start":{"line":82,"column":8},"end":{"line":89,"column":null}},"type":"if","locations":[{"start":{"line":82,"column":8},"end":{"line":89,"column":null}},{"start":{"line":85,"column":12},"end":{"line":89,"column":null}}]},"4":{"loc":{"start":{"line":82,"column":12},"end":{"line":82,"column":58}},"type":"binary-expr","locations":[{"start":{"line":82,"column":12},"end":{"line":82,"column":23}},{"start":{"line":82,"column":27},"end":{"line":82,"column":36}},{"start":{"line":82,"column":40},"end":{"line":82,"column":58}}]},"5":{"loc":{"start":{"line":86,"column":44},"end":{"line":86,"column":94}},"type":"cond-expr","locations":[{"start":{"line":86,"column":59},"end":{"line":86,"column":76}},{"start":{"line":86,"column":77},"end":{"line":86,"column":94}}]},"6":{"loc":{"start":{"line":42,"column":6},"end":{"line":59,"column":19}},"type":"switch","locations":[{"start":{"line":43,"column":8},"end":{"line":45,"column":16}},{"start":{"line":47,"column":8},"end":{"line":49,"column":16}},{"start":{"line":51,"column":8},"end":{"line":53,"column":16}},{"start":{"line":55,"column":8},"end":{"line":57,"column":16}}]},"7":{"loc":{"start":{"line":67,"column":4},"end":{"line":72,"column":null}},"type":"if","locations":[{"start":{"line":67,"column":4},"end":{"line":72,"column":null}},{"start":{"line":70,"column":8},"end":{"line":72,"column":null}}]}},"s":{"0":1,"1":1,"2":1,"3":1,"4":1,"5":3,"6":3,"7":3,"8":2,"9":0,"10":0,"11":0,"12":0,"13":0,"14":0,"15":0,"16":0,"17":0,"18":0,"19":0,"20":3,"21":3,"22":3,"23":1,"24":0,"25":0,"26":6,"27":6,"28":6,"29":7,"30":5,"31":5,"32":1,"33":1,"34":0,"35":0,"36":1,"37":1,"38":6,"39":0,"40":0,"41":0,"42":0,"43":1},"f":{"0":3,"1":2,"2":0,"3":0,"4":3,"5":1,"6":0,"7":0,"8":6,"9":7,"10":0},"b":{"0":[0,0],"1":[0,0],"2":[0],"3":[0,0],"4":[0,0,0],"5":[0,0],"6":[5,1,0,1],"7":[0,0]}}
,"/Users/akn/work/node/url-shortener-service/api/src/core/common/enums.ts": {"path":"/Users/akn/work/node/url-shortener-service/api/src/core/common/enums.ts","statementMap":{"0":{"start":{"line":1,"column":0},"end":{"line":1,"column":null}},"1":{"start":{"line":2,"column":2},"end":{"line":2,"column":null}},"2":{"start":{"line":3,"column":2},"end":{"line":3,"column":null}},"3":{"start":{"line":4,"column":2},"end":{"line":4,"column":null}},"4":{"start":{"line":5,"column":2},"end":{"line":5,"column":null}},"5":{"start":{"line":23,"column":13},"end":{"line":45,"column":null}}},"fnMap":{"0":{"name":"(anonymous_0)","decl":{"start":{"line":1,"column":0},"end":{"line":1,"column":12}},"loc":{"start":{"line":1,"column":25},"end":{"line":6,"column":1}}}},"branchMap":{"0":{"loc":{"start":{"line":1,"column":12},"end":{"line":1,"column":null}},"type":"binary-expr","locations":[{"start":{"line":1,"column":12},"end":{"line":1,"column":25}},{"start":{"line":1,"column":12},"end":{"line":1,"column":null}}]}},"s":{"0":1,"1":1,"2":1,"3":1,"4":1,"5":1},"f":{"0":1},"b":{"0":[1,1]}}
,"/Users/akn/work/node/url-shortener-service/api/src/core/common/cache/redisclient.common.ts": {"path":"/Users/akn/work/node/url-shortener-service/api/src/core/common/cache/redisclient.common.ts","statementMap":{"0":{"start":{"line":2,"column":0},"end":{"line":2,"column":31}},"1":{"start":{"line":4,"column":0},"end":{"line":4,"column":41}},"2":{"start":{"line":5,"column":22},"end":{"line":5,"column":28}},"3":{"start":{"line":6,"column":12},"end":{"line":6,"column":105}},"4":{"start":{"line":7,"column":20},"end":{"line":7,"column":49}},"5":{"start":{"line":9,"column":0},"end":{"line":16,"column":null}},"6":{"start":{"line":10,"column":2},"end":{"line":10,"column":24}},"7":{"start":{"line":13,"column":2},"end":{"line":13,"column":null}},"8":{"start":{"line":14,"column":2},"end":{"line":14,"column":null}},"9":{"start":{"line":23,"column":4},"end":{"line":23,"column":null}},"10":{"start":{"line":27,"column":13},"end":{"line":27,"column":17}},"11":{"start":{"line":28,"column":4},"end":{"line":30,"column":7}},"12":{"start":{"line":28,"column":40},"end":{"line":30,"column":6}},"13":{"start":{"line":29,"column":6},"end":{"line":29,"column":50}},"14":{"start":{"line":33,"column":4},"end":{"line":33,"column":null}},"15":{"start":{"line":37,"column":13},"end":{"line":37,"column":17}},"16":{"start":{"line":38,"column":4},"end":{"line":48,"column":7}},"17":{"start":{"line":38,"column":40},"end":{"line":48,"column":6}},"18":{"start":{"line":47,"column":6},"end":{"line":47,"column":94}},"19":{"start":{"line":19,"column":0},"end":{"line":19,"column":13}}},"fnMap":{"0":{"name":"(anonymous_14)","decl":{"start":{"line":22,"column":2},"end":{"line":22,"column":null}},"loc":{"start":{"line":22,"column":2},"end":{"line":24,"column":3}}},"1":{"name":"(anonymous_15)","decl":{"start":{"line":26,"column":8},"end":{"line":26,"column":15}},"loc":{"start":{"line":26,"column":27},"end":{"line":31,"column":null}}},"2":{"name":"(anonymous_17)","decl":{"start":{"line":28,"column":23},"end":{"line":28,"column":30}},"loc":{"start":{"line":28,"column":40},"end":{"line":30,"column":6}}},"3":{"name":"(anonymous_18)","decl":{"start":{"line":28,"column":40},"end":{"line":28,"column":null}},"loc":{"start":{"line":28,"column":40},"end":{"line":30,"column":5}}},"4":{"name":"(anonymous_19)","decl":{"start":{"line":32,"column":2},"end":{"line":32,"column":8}},"loc":{"start":{"line":32,"column":20},"end":{"line":34,"column":3}}},"5":{"name":"(anonymous_20)","decl":{"start":{"line":36,"column":8},"end":{"line":36,"column":15}},"loc":{"start":{"line":36,"column":56},"end":{"line":49,"column":null}}},"6":{"name":"(anonymous_22)","decl":{"start":{"line":38,"column":23},"end":{"line":38,"column":30}},"loc":{"start":{"line":38,"column":40},"end":{"line":48,"column":6}}},"7":{"name":"(anonymous_23)","decl":{"start":{"line":38,"column":40},"end":{"line":38,"column":null}},"loc":{"start":{"line":38,"column":40},"end":{"line":48,"column":5}}}},"branchMap":{},"s":{"0":1,"1":1,"2":1,"3":1,"4":1,"5":1,"6":1,"7":0,"8":0,"9":0,"10":0,"11":0,"12":0,"13":0,"14":0,"15":0,"16":0,"17":0,"18":0,"19":1},"f":{"0":0,"1":0,"2":0,"3":0,"4":0,"5":0,"6":0,"7":0},"b":{}}
,"/Users/akn/work/node/url-shortener-service/api/src/core/common/database/database.common.ts": {"path":"/Users/akn/work/node/url-shortener-service/api/src/core/common/database/database.common.ts","statementMap":{"0":{"start":{"line":1,"column":0},"end":{"line":1,"column":25}},"1":{"start":{"line":2,"column":0},"end":{"line":2,"column":30}},"2":{"start":{"line":4,"column":27},"end":{"line":4,"column":33}},"3":{"start":{"line":13,"column":40},"end":{"line":18,"column":2}},"4":{"start":{"line":21,"column":0},"end":{"line":24,"column":3}},"5":{"start":{"line":22,"column":2},"end":{"line":22,"column":25}},"6":{"start":{"line":22,"column":13},"end":{"line":22,"column":25}},"7":{"start":{"line":23,"column":2},"end":{"line":23,"column":57}},"8":{"start":{"line":32,"column":4},"end":{"line":32,"column":null}},"9":{"start":{"line":28,"column":0},"end":{"line":28,"column":13}}},"fnMap":{"0":{"name":"(anonymous_1)","decl":{"start":{"line":21,"column":21},"end":{"line":21,"column":26}},"loc":{"start":{"line":21,"column":29},"end":{"line":24,"column":1}}},"1":{"name":"(anonymous_2)","decl":{"start":{"line":31,"column":2},"end":{"line":31,"column":null}},"loc":{"start":{"line":31,"column":2},"end":{"line":33,"column":3}}}},"branchMap":{"0":{"loc":{"start":{"line":22,"column":2},"end":{"line":22,"column":25}},"type":"if","locations":[{"start":{"line":22,"column":2},"end":{"line":22,"column":25}}]}},"s":{"0":1,"1":1,"2":1,"3":1,"4":1,"5":0,"6":0,"7":0,"8":0,"9":1},"f":{"0":0,"1":0},"b":{"0":[0]}}
,"/Users/akn/work/node/url-shortener-service/api/src/core/common/database/table.common.ts": {"path":"/Users/akn/work/node/url-shortener-service/api/src/core/common/database/table.common.ts","statementMap":{"0":{"start":{"line":2,"column":0},"end":{"line":2,"column":45}},"1":{"start":{"line":3,"column":0},"end":{"line":3,"column":90}},"2":{"start":{"line":15,"column":4},"end":{"line":15,"column":12}},"3":{"start":{"line":14,"column":21},"end":{"line":14,"column":37}},"4":{"start":{"line":31,"column":2},"end":{"line":56,"column":31}},"5":{"start":{"line":32,"column":14},"end":{"line":32,"column":24}},"6":{"start":{"line":33,"column":25},"end":{"line":33,"column":61}},"7":{"start":{"line":34,"column":4},"end":{"line":34,"column":42}},"8":{"start":{"line":36,"column":21},"end":{"line":36,"column":23}},"9":{"start":{"line":38,"column":4},"end":{"line":42,"column":null}},"10":{"start":{"line":39,"column":27},"end":{"line":39,"column":148}},"11":{"start":{"line":41,"column":6},"end":{"line":41,"column":41}},"12":{"start":{"line":44,"column":22},"end":{"line":44,"column":116}},"13":{"start":{"line":45,"column":4},"end":{"line":45,"column":null}},"14":{"start":{"line":46,"column":4},"end":{"line":55,"column":7}},"15":{"start":{"line":47,"column":6},"end":{"line":54,"column":9}},"16":{"start":{"line":48,"column":8},"end":{"line":52,"column":null}},"17":{"start":{"line":50,"column":10},"end":{"line":50,"column":23}},"18":{"start":{"line":51,"column":10},"end":{"line":51,"column":17}},"19":{"start":{"line":53,"column":8},"end":{"line":53,"column":21}},"20":{"start":{"line":19,"column":4},"end":{"line":28,"column":null}},"21":{"start":{"line":20,"column":6},"end":{"line":27,"column":9}},"22":{"start":{"line":21,"column":8},"end":{"line":24,"column":null}},"23":{"start":{"line":22,"column":10},"end":{"line":22,"column":null}},"24":{"start":{"line":23,"column":10},"end":{"line":23,"column":17}},"25":{"start":{"line":25,"column":8},"end":{"line":25,"column":null}},"26":{"start":{"line":26,"column":8},"end":{"line":26,"column":22}},"27":{"start":{"line":59,"column":4},"end":{"line":75,"column":null}},"28":{"start":{"line":60,"column":26},"end":{"line":60,"column":98}},"29":{"start":{"line":61,"column":6},"end":{"line":74,"column":9}},"30":{"start":{"line":62,"column":8},"end":{"line":65,"column":null}},"31":{"start":{"line":63,"column":10},"end":{"line":63,"column":22}},"32":{"start":{"line":64,"column":10},"end":{"line":64,"column":17}},"33":{"start":{"line":66,"column":8},"end":{"line":73,"column":null}},"34":{"start":{"line":67,"column":10},"end":{"line":67,"column":26}},"35":{"start":{"line":68,"column":10},"end":{"line":68,"column":17}},"36":{"start":{"line":71,"column":10},"end":{"line":71,"column":31}},"37":{"start":{"line":72,"column":10},"end":{"line":72,"column":17}},"38":{"start":{"line":79,"column":4},"end":{"line":95,"column":null}},"39":{"start":{"line":80,"column":26},"end":{"line":80,"column":142}},"40":{"start":{"line":81,"column":6},"end":{"line":94,"column":9}},"41":{"start":{"line":82,"column":8},"end":{"line":85,"column":null}},"42":{"start":{"line":83,"column":10},"end":{"line":83,"column":22}},"43":{"start":{"line":84,"column":10},"end":{"line":84,"column":17}},"44":{"start":{"line":86,"column":8},"end":{"line":93,"column":null}},"45":{"start":{"line":87,"column":10},"end":{"line":87,"column":26}},"46":{"start":{"line":88,"column":10},"end":{"line":88,"column":17}},"47":{"start":{"line":91,"column":10},"end":{"line":91,"column":31}},"48":{"start":{"line":92,"column":10},"end":{"line":92,"column":17}},"49":{"start":{"line":99,"column":4},"end":{"line":99,"column":26}},"50":{"start":{"line":101,"column":4},"end":{"line":101,"column":null}},"51":{"start":{"line":102,"column":4},"end":{"line":145,"column":7}},"52":{"start":{"line":103,"column":22},"end":{"line":103,"column":23}},"53":{"start":{"line":104,"column":22},"end":{"line":104,"column":23}},"54":{"start":{"line":105,"column":22},"end":{"line":105,"column":81}},"55":{"start":{"line":106,"column":30},"end":{"line":106,"column":32}},"56":{"start":{"line":108,"column":6},"end":{"line":143,"column":9}},"57":{"start":{"line":109,"column":8},"end":{"line":112,"column":null}},"58":{"start":{"line":110,"column":10},"end":{"line":110,"column":22}},"59":{"start":{"line":111,"column":10},"end":{"line":111,"column":17}},"60":{"start":{"line":113,"column":8},"end":{"line":142,"column":null}},"61":{"start":{"line":114,"column":10},"end":{"line":114,"column":63}},"62":{"start":{"line":115,"column":10},"end":{"line":115,"column":42}},"63":{"start":{"line":117,"column":10},"end":{"line":117,"column":73}},"64":{"start":{"line":119,"column":10},"end":{"line":136,"column":13}},"65":{"start":{"line":120,"column":12},"end":{"line":135,"column":null}},"66":{"start":{"line":121,"column":14},"end":{"line":121,"column":27}},"67":{"start":{"line":122,"column":14},"end":{"line":122,"column":21}},"68":{"start":{"line":125,"column":14},"end":{"line":134,"column":17}},"69":{"start":{"line":137,"column":10},"end":{"line":137,"column":17}},"70":{"start":{"line":140,"column":10},"end":{"line":140,"column":23}},"71":{"start":{"line":141,"column":10},"end":{"line":141,"column":17}},"72":{"start":{"line":150,"column":4},"end":{"line":150,"column":null}},"73":{"start":{"line":151,"column":18},"end":{"line":151,"column":25}},"74":{"start":{"line":152,"column":4},"end":{"line":152,"column":null}},"75":{"start":{"line":12,"column":0},"end":{"line":12,"column":13}}},"fnMap":{"0":{"name":"(anonymous_0)","decl":{"start":{"line":14,"column":2},"end":{"line":14,"column":21}},"loc":{"start":{"line":14,"column":37},"end":{"line":16,"column":3}}},"1":{"name":"(anonymous_1)","decl":{"start":{"line":31,"column":15},"end":{"line":31,"column":16}},"loc":{"start":{"line":31,"column":60},"end":{"line":56,"column":3}}},"2":{"name":"(anonymous_2)","decl":{"start":{"line":46,"column":23},"end":{"line":46,"column":30}},"loc":{"start":{"line":46,"column":33},"end":{"line":55,"column":5}}},"3":{"name":"(anonymous_3)","decl":{"start":{"line":47,"column":43},"end":{"line":47,"column":44}},"loc":{"start":{"line":47,"column":56},"end":{"line":54,"column":7}}},"4":{"name":"(anonymous_4)","decl":{"start":{"line":18,"column":2},"end":{"line":18,"column":8}},"loc":{"start":{"line":18,"column":16},"end":{"line":29,"column":3}}},"5":{"name":"(anonymous_5)","decl":{"start":{"line":19,"column":26},"end":{"line":19,"column":27}},"loc":{"start":{"line":19,"column":45},"end":{"line":28,"column":5}}},"6":{"name":"(anonymous_6)","decl":{"start":{"line":20,"column":75},"end":{"line":20,"column":76}},"loc":{"start":{"line":20,"column":88},"end":{"line":27,"column":7}}},"7":{"name":"(anonymous_7)","decl":{"start":{"line":58,"column":2},"end":{"line":58,"column":10}},"loc":{"start":{"line":58,"column":20},"end":{"line":76,"column":3}}},"8":{"name":"(anonymous_8)","decl":{"start":{"line":59,"column":26},"end":{"line":59,"column":27}},"loc":{"start":{"line":59,"column":45},"end":{"line":75,"column":5}}},"9":{"name":"(anonymous_9)","decl":{"start":{"line":61,"column":37},"end":{"line":61,"column":38}},"loc":{"start":{"line":61,"column":50},"end":{"line":74,"column":7}}},"10":{"name":"(anonymous_10)","decl":{"start":{"line":78,"column":2},"end":{"line":78,"column":11}},"loc":{"start":{"line":78,"column":74},"end":{"line":96,"column":3}}},"11":{"name":"(anonymous_11)","decl":{"start":{"line":79,"column":26},"end":{"line":79,"column":27}},"loc":{"start":{"line":79,"column":45},"end":{"line":95,"column":5}}},"12":{"name":"(anonymous_12)","decl":{"start":{"line":81,"column":37},"end":{"line":81,"column":38}},"loc":{"start":{"line":81,"column":50},"end":{"line":94,"column":7}}},"13":{"name":"(anonymous_13)","decl":{"start":{"line":98,"column":2},"end":{"line":98,"column":10}},"loc":{"start":{"line":98,"column":58},"end":{"line":147,"column":3}}},"14":{"name":"(anonymous_14)","decl":{"start":{"line":102,"column":23},"end":{"line":102,"column":24}},"loc":{"start":{"line":102,"column":42},"end":{"line":145,"column":5}}},"15":{"name":"(anonymous_15)","decl":{"start":{"line":108,"column":41},"end":{"line":108,"column":42}},"loc":{"start":{"line":108,"column":54},"end":{"line":143,"column":7}}},"16":{"name":"(anonymous_16)","decl":{"start":{"line":119,"column":53},"end":{"line":119,"column":54}},"loc":{"start":{"line":119,"column":64},"end":{"line":136,"column":11}}},"17":{"name":"(anonymous_17)","decl":{"start":{"line":149,"column":2},"end":{"line":149,"column":9}},"loc":{"start":{"line":149,"column":19},"end":{"line":153,"column":3}}}},"branchMap":{"0":{"loc":{"start":{"line":31,"column":32},"end":{"line":31,"column":44}},"type":"default-arg","locations":[{"start":{"line":31,"column":42},"end":{"line":31,"column":44}}]},"1":{"loc":{"start":{"line":39,"column":27},"end":{"line":39,"column":148}},"type":"cond-expr","locations":[{"start":{"line":39,"column":70},"end":{"line":39,"column":92}},{"start":{"line":39,"column":93},"end":{"line":39,"column":148}}]},"2":{"loc":{"start":{"line":39,"column":27},"end":{"line":39,"column":68}},"type":"binary-expr","locations":[{"start":{"line":39,"column":27},"end":{"line":39,"column":60}},{"start":{"line":39,"column":62},"end":{"line":39,"column":68}}]},"3":{"loc":{"start":{"line":39,"column":93},"end":{"line":39,"column":148}},"type":"cond-expr","locations":[{"start":{"line":39,"column":129},"end":{"line":39,"column":143}},{"start":{"line":39,"column":146},"end":{"line":39,"column":148}}]},"4":{"loc":{"start":{"line":44,"column":78},"end":{"line":44,"column":114}},"type":"cond-expr","locations":[{"start":{"line":44,"column":92},"end":{"line":44,"column":94}},{"start":{"line":44,"column":95},"end":{"line":44,"column":114}}]},"5":{"loc":{"start":{"line":48,"column":8},"end":{"line":52,"column":null}},"type":"if","locations":[{"start":{"line":48,"column":8},"end":{"line":52,"column":null}}]},"6":{"loc":{"start":{"line":21,"column":8},"end":{"line":24,"column":null}},"type":"if","locations":[{"start":{"line":21,"column":8},"end":{"line":24,"column":null}}]},"7":{"loc":{"start":{"line":62,"column":8},"end":{"line":65,"column":null}},"type":"if","locations":[{"start":{"line":62,"column":8},"end":{"line":65,"column":null}}]},"8":{"loc":{"start":{"line":66,"column":8},"end":{"line":73,"column":null}},"type":"if","locations":[{"start":{"line":66,"column":8},"end":{"line":73,"column":null}},{"start":{"line":70,"column":12},"end":{"line":73,"column":null}}]},"9":{"loc":{"start":{"line":78,"column":43},"end":{"line":78,"column":74}},"type":"default-arg","locations":[{"start":{"line":78,"column":70},"end":{"line":78,"column":74}}]},"10":{"loc":{"start":{"line":80,"column":94},"end":{"line":80,"column":141}},"type":"cond-expr","locations":[{"start":{"line":80,"column":113},"end":{"line":80,"column":115}},{"start":{"line":80,"column":116},"end":{"line":80,"column":141}}]},"11":{"loc":{"start":{"line":82,"column":8},"end":{"line":85,"column":null}},"type":"if","locations":[{"start":{"line":82,"column":8},"end":{"line":85,"column":null}}]},"12":{"loc":{"start":{"line":86,"column":8},"end":{"line":93,"column":null}},"type":"if","locations":[{"start":{"line":86,"column":8},"end":{"line":93,"column":null}},{"start":{"line":90,"column":12},"end":{"line":93,"column":null}}]},"13":{"loc":{"start":{"line":109,"column":8},"end":{"line":112,"column":null}},"type":"if","locations":[{"start":{"line":109,"column":8},"end":{"line":112,"column":null}}]},"14":{"loc":{"start":{"line":113,"column":8},"end":{"line":142,"column":null}},"type":"if","locations":[{"start":{"line":113,"column":8},"end":{"line":142,"column":null}},{"start":{"line":139,"column":12},"end":{"line":142,"column":null}}]},"15":{"loc":{"start":{"line":120,"column":12},"end":{"line":135,"column":null}},"type":"if","locations":[{"start":{"line":120,"column":12},"end":{"line":135,"column":null}},{"start":{"line":124,"column":16},"end":{"line":135,"column":null}}]}},"s":{"0":1,"1":1,"2":0,"3":0,"4":0,"5":0,"6":0,"7":0,"8":0,"9":0,"10":0,"11":0,"12":0,"13":0,"14":0,"15":0,"16":0,"17":0,"18":0,"19":0,"20":0,"21":0,"22":0,"23":0,"24":0,"25":0,"26":0,"27":0,"28":0,"29":0,"30":0,"31":0,"32":0,"33":0,"34":0,"35":0,"36":0,"37":0,"38":0,"39":0,"40":0,"41":0,"42":0,"43":0,"44":0,"45":0,"46":0,"47":0,"48":0,"49":0,"50":0,"51":0,"52":0,"53":0,"54":0,"55":0,"56":0,"57":0,"58":0,"59":0,"60":0,"61":0,"62":0,"63":0,"64":0,"65":0,"66":0,"67":0,"68":0,"69":0,"70":0,"71":0,"72":0,"73":0,"74":0,"75":1},"f":{"0":0,"1":0,"2":0,"3":0,"4":0,"5":0,"6":0,"7":0,"8":0,"9":0,"10":0,"11":0,"12":0,"13":0,"14":0,"15":0,"16":0,"17":0},"b":{"0":[0],"1":[0,0],"2":[0,0],"3":[0,0],"4":[0,0],"5":[0],"6":[0],"7":[0],"8":[0,0],"9":[0],"10":[0,0],"11":[0],"12":[0,0],"13":[0],"14":[0,0],"15":[0,0]}}
,"/Users/akn/work/node/url-shortener-service/api/src/core/common/validator/index.ts": {"path":"/Users/akn/work/node/url-shortener-service/api/src/core/common/validator/index.ts","statementMap":{"0":{"start":{"line":1,"column":0},"end":{"line":1,"column":48}},"1":{"start":{"line":8,"column":2},"end":{"line":8,"column":46}},"2":{"start":{"line":15,"column":2},"end":{"line":19,"column":null}},"3":{"start":{"line":15,"column":89},"end":{"line":19,"column":null}},"4":{"start":{"line":16,"column":4},"end":{"line":16,"column":30}},"5":{"start":{"line":17,"column":4},"end":{"line":17,"column":26}},"6":{"start":{"line":18,"column":4},"end":{"line":18,"column":16}},"7":{"start":{"line":27,"column":2},"end":{"line":52,"column":null}},"8":{"start":{"line":27,"column":49},"end":{"line":52,"column":null}},"9":{"start":{"line":28,"column":39},"end":{"line":28,"column":41}},"10":{"start":{"line":29,"column":4},"end":{"line":33,"column":7}},"11":{"start":{"line":30,"column":6},"end":{"line":32,"column":9}},"12":{"start":{"line":31,"column":8},"end":{"line":31,"column":null}},"13":{"start":{"line":35,"column":15},"end":{"line":35,"column":19}},"14":{"start":{"line":36,"column":39},"end":{"line":36,"column":41}},"15":{"start":{"line":38,"column":44},"end":{"line":50,"column":6}},"16":{"start":{"line":39,"column":31},"end":{"line":39,"column":68}},"17":{"start":{"line":39,"column":48},"end":{"line":39,"column":66}},"18":{"start":{"line":40,"column":6},"end":{"line":44,"column":9}},"19":{"start":{"line":41,"column":8},"end":{"line":43,"column":null}},"20":{"start":{"line":42,"column":10},"end":{"line":42,"column":null}},"21":{"start":{"line":45,"column":6},"end":{"line":48,"column":null}},"22":{"start":{"line":51,"column":4},"end":{"line":51,"column":18}},"23":{"start":{"line":22,"column":14},"end":{"line":22,"column":52}},"24":{"start":{"line":23,"column":4},"end":{"line":23,"column":33}},"25":{"start":{"line":24,"column":4},"end":{"line":24,"column":null}},"26":{"start":{"line":7,"column":0},"end":{"line":7,"column":13}}},"fnMap":{"0":{"name":"(anonymous_9)","decl":{"start":{"line":7,"column":0},"end":{"line":7,"column":13}},"loc":{"start":{"line":7,"column":0},"end":{"line":53,"column":1}}},"1":{"name":"(anonymous_10)","decl":{"start":{"line":15,"column":8},"end":{"line":15,"column":15}},"loc":{"start":{"line":15,"column":89},"end":{"line":19,"column":null}}},"2":{"name":"(anonymous_11)","decl":{"start":{"line":15,"column":89},"end":{"line":15,"column":null}},"loc":{"start":{"line":15,"column":89},"end":{"line":19,"column":3}}},"3":{"name":"(anonymous_12)","decl":{"start":{"line":27,"column":13},"end":{"line":27,"column":47}},"loc":{"start":{"line":27,"column":49},"end":{"line":52,"column":null}}},"4":{"name":"(anonymous_13)","decl":{"start":{"line":27,"column":49},"end":{"line":27,"column":null}},"loc":{"start":{"line":27,"column":49},"end":{"line":52,"column":3}}},"5":{"name":"(anonymous_14)","decl":{"start":{"line":29,"column":33},"end":{"line":29,"column":34}},"loc":{"start":{"line":29,"column":53},"end":{"line":33,"column":5}}},"6":{"name":"(anonymous_15)","decl":{"start":{"line":30,"column":28},"end":{"line":30,"column":29}},"loc":{"start":{"line":30,"column":49},"end":{"line":32,"column":7}}},"7":{"name":"(anonymous_16)","decl":{"start":{"line":38,"column":71},"end":{"line":38,"column":77}},"loc":{"start":{"line":38,"column":79},"end":{"line":50,"column":5}}},"8":{"name":"(anonymous_17)","decl":{"start":{"line":39,"column":43},"end":{"line":39,"column":44}},"loc":{"start":{"line":39,"column":48},"end":{"line":39,"column":66}}},"9":{"name":"(anonymous_18)","decl":{"start":{"line":40,"column":33},"end":{"line":40,"column":34}},"loc":{"start":{"line":40,"column":53},"end":{"line":44,"column":7}}},"10":{"name":"(anonymous_19)","decl":{"start":{"line":21,"column":2},"end":{"line":21,"column":7}},"loc":{"start":{"line":21,"column":52},"end":{"line":25,"column":3}}}},"branchMap":{"0":{"loc":{"start":{"line":41,"column":8},"end":{"line":43,"column":null}},"type":"if","locations":[{"start":{"line":41,"column":8},"end":{"line":43,"column":null}}]},"1":{"loc":{"start":{"line":46,"column":16},"end":{"line":46,"column":53}},"type":"cond-expr","locations":[{"start":{"line":46,"column":41},"end":{"line":46,"column":45}},{"start":{"line":46,"column":48},"end":{"line":46,"column":53}}]}},"s":{"0":1,"1":3,"2":3,"3":0,"4":0,"5":0,"6":0,"7":3,"8":0,"9":0,"10":0,"11":0,"12":0,"13":0,"14":0,"15":0,"16":0,"17":0,"18":0,"19":0,"20":0,"21":0,"22":0,"23":0,"24":0,"25":0,"26":1},"f":{"0":3,"1":0,"2":0,"3":0,"4":0,"5":0,"6":0,"7":0,"8":0,"9":0,"10":0},"b":{"0":[0],"1":[0,0]}}
,"/Users/akn/work/node/url-shortener-service/api/src/core/common/validator/input.rules.ts": {"path":"/Users/akn/work/node/url-shortener-service/api/src/core/common/validator/input.rules.ts","statementMap":{"0":{"start":{"line":1,"column":0},"end":{"line":1,"column":61}},"1":{"start":{"line":2,"column":0},"end":{"line":2,"column":50}},"2":{"start":{"line":3,"column":0},"end":{"line":3,"column":46}},"3":{"start":{"line":4,"column":0},"end":{"line":4,"column":46}},"4":{"start":{"line":5,"column":0},"end":{"line":5,"column":48}},"5":{"start":{"line":6,"column":0},"end":{"line":6,"column":68}},"6":{"start":{"line":7,"column":0},"end":{"line":7,"column":56}},"7":{"start":{"line":8,"column":0},"end":{"line":8,"column":50}},"8":{"start":{"line":9,"column":0},"end":{"line":9,"column":50}},"9":{"start":{"line":11,"column":0},"end":{"line":11,"column":68}},"10":{"start":{"line":12,"column":0},"end":{"line":12,"column":null}},"11":{"start":{"line":18,"column":23},"end":{"line":18,"column":34}},"12":{"start":{"line":18,"column":42},"end":{"line":18,"column":74}},"13":{"start":{"line":15,"column":4},"end":{"line":15,"column":null}},"14":{"start":{"line":16,"column":4},"end":{"line":16,"column":37}},"15":{"start":{"line":20,"column":4},"end":{"line":20,"column":null}},"16":{"start":{"line":20,"column":82},"end":{"line":20,"column":130}},"17":{"start":{"line":22,"column":4},"end":{"line":22,"column":null}},"18":{"start":{"line":22,"column":46},"end":{"line":22,"column":84}},"19":{"start":{"line":24,"column":4},"end":{"line":24,"column":null}},"20":{"start":{"line":24,"column":46},"end":{"line":24,"column":84}},"21":{"start":{"line":26,"column":4},"end":{"line":26,"column":null}},"22":{"start":{"line":26,"column":31},"end":{"line":26,"column":61}},"23":{"start":{"line":28,"column":4},"end":{"line":28,"column":null}},"24":{"start":{"line":28,"column":35},"end":{"line":28,"column":64}},"25":{"start":{"line":30,"column":4},"end":{"line":30,"column":null}},"26":{"start":{"line":30,"column":41},"end":{"line":30,"column":81}},"27":{"start":{"line":32,"column":4},"end":{"line":32,"column":null}},"28":{"start":{"line":32,"column":34},"end":{"line":32,"column":67}},"29":{"start":{"line":34,"column":4},"end":{"line":34,"column":null}},"30":{"start":{"line":34,"column":31},"end":{"line":34,"column":61}},"31":{"start":{"line":36,"column":4},"end":{"line":36,"column":null}},"32":{"start":{"line":36,"column":32},"end":{"line":36,"column":63}},"33":{"start":{"line":38,"column":4},"end":{"line":38,"column":null}},"34":{"start":{"line":38,"column":40},"end":{"line":38,"column":79}},"35":{"start":{"line":40,"column":4},"end":{"line":42,"column":null}},"36":{"start":{"line":41,"column":6},"end":{"line":41,"column":null}},"37":{"start":{"line":13,"column":15},"end":{"line":43,"column":null}}},"fnMap":{"0":{"name":"(anonymous_0)","decl":{"start":{"line":12,"column":0},"end":{"line":12,"column":17}},"loc":{"start":{"line":12,"column":32},"end":{"line":44,"column":1}}},"1":{"name":"(anonymous_1)","decl":{"start":{"line":18,"column":4},"end":{"line":18,"column":23}},"loc":{"start":{"line":18,"column":74},"end":{"line":18,"column":77}}},"2":{"name":"(anonymous_2)","decl":{"start":{"line":20,"column":15},"end":{"line":20,"column":16}},"loc":{"start":{"line":20,"column":82},"end":{"line":20,"column":130}}},"3":{"name":"(anonymous_3)","decl":{"start":{"line":22,"column":10},"end":{"line":22,"column":11}},"loc":{"start":{"line":22,"column":46},"end":{"line":22,"column":84}}},"4":{"name":"(anonymous_4)","decl":{"start":{"line":24,"column":10},"end":{"line":24,"column":11}},"loc":{"start":{"line":24,"column":46},"end":{"line":24,"column":84}}},"5":{"name":"(anonymous_5)","decl":{"start":{"line":26,"column":12},"end":{"line":26,"column":13}},"loc":{"start":{"line":26,"column":31},"end":{"line":26,"column":61}}},"6":{"name":"(anonymous_6)","decl":{"start":{"line":28,"column":16},"end":{"line":28,"column":17}},"loc":{"start":{"line":28,"column":35},"end":{"line":28,"column":64}}},"7":{"name":"(anonymous_7)","decl":{"start":{"line":30,"column":22},"end":{"line":30,"column":23}},"loc":{"start":{"line":30,"column":41},"end":{"line":30,"column":81}}},"8":{"name":"(anonymous_8)","decl":{"start":{"line":32,"column":15},"end":{"line":32,"column":16}},"loc":{"start":{"line":32,"column":34},"end":{"line":32,"column":67}}},"9":{"name":"(anonymous_9)","de
[...]
,"/Users/akn/work/node/url-shortener-service/api/src/core/functions/formatDate.function.ts": {"path":"/Users/akn/work/node/url-shortener-service/api/src/core/functions/formatDate.function.ts","statementMap":{"0":{"start":{"line":1,"column":26},"end":{"line":82,"column":1}},"1":{"start":{"line":2,"column":13},"end":{"line":2,"column":143}},"2":{"start":{"line":3,"column":12},"end":{"line":3,"column":104}},"3":{"start":{"line":4,"column":13},"end":{"line":4,"column":99}},"4":{"start":{"line":5,"column":12},"end":{"line":5,"column":69}},"5":{"start":{"line":8,"column":14},"end":{"line":8,"column":20}},"6":{"start":{"line":9,"column":6},"end":{"line":9,"column":21}},"7":{"start":{"line":10,"column":6},"end":{"line":10,"column":41}},"8":{"start":{"line":10,"column":29},"end":{"line":10,"column":41}},"9":{"start":{"line":11,"column":6},"end":{"line":11,"column":15}},"10":{"start":{"line":14,"column":10},"end":{"line":14,"column":58}},"11":{"start":{"line":15,"column":2},"end":{"line":15,"column":55}},"12":{"start":{"line":16,"column":2},"end":{"line":16,"column":76}},"13":{"start":{"line":17,"column":2},"end":{"line":17,"column":51}},"14":{"start":{"line":19,"column":18},"end":{"line":19,"column":66}},"15":{"start":{"line":20,"column":2},"end":{"line":20,"column":61}},"16":{"start":{"line":21,"column":2},"end":{"line":21,"column":58}},"17":{"start":{"line":22,"column":2},"end":{"line":22,"column":56}},"18":{"start":{"line":23,"column":2},"end":{"line":23,"column":51}},"19":{"start":{"line":25,"column":10},"end":{"line":25,"column":50}},"20":{"start":{"line":26,"column":2},"end":{"line":26,"column":61}},"21":{"start":{"line":27,"column":2},"end":{"line":27,"column":58}},"22":{"start":{"line":28,"column":2},"end":{"line":28,"column":56}},"23":{"start":{"line":29,"column":2},"end":{"line":29,"column":51}},"24":{"start":{"line":31,"column":10},"end":{"line":31,"column":52}},"25":{"start":{"line":32,"column":2},"end":{"line":32,"column":57}},"26":{"start":{"line":33,"column":2},"end":{"line":33,"column":51}},"27":{"start":{"line":35,"column":10},"end":{"line":35,"column":43}},"28":{"start":{"line":36,"column":2},"end":{"line":36,"column":57}},"29":{"start":{"line":37,"column":2},"end":{"line":37,"column":51}},"30":{"start":{"line":39,"column":10},"end":{"line":39,"column":56}},"31":{"start":{"line":40,"column":2},"end":{"line":40,"column":57}},"32":{"start":{"line":41,"column":2},"end":{"line":41,"column":51}},"33":{"start":{"line":43,"column":10},"end":{"line":43,"column":56}},"34":{"start":{"line":44,"column":2},"end":{"line":44,"column":57}},"35":{"start":{"line":45,"column":2},"end":{"line":45,"column":51}},"36":{"start":{"line":47,"column":10},"end":{"line":47,"column":66}},"37":{"start":{"line":48,"column":2},"end":{"line":48,"column":61}},"38":{"start":{"line":49,"column":2},"end":{"line":49,"column":25}},"39":{"start":{"line":50,"column":2},"end":{"line":50,"column":56}},"40":{"start":{"line":51,"column":2},"end":{"line":51,"column":25}},"41":{"start":{"line":52,"column":2},"end":{"line":52,"column":51}},"42":{"start":{"line":54,"column":10},"end":{"line":54,"column":30}},"43":{"start":{"line":55,"column":2},"end":{"line":55,"column":53}},"44":{"start":{"line":56,"column":2},"end":{"line":56,"column":61}},"45":{"start":{"line":58,"column":10},"end":{"line":58,"column":25}},"46":{"start":{"line":59,"column":2},"end":{"line":59,"column":53}},"47":{"start":{"line":60,"column":2},"end":{"line":60,"column":61}},"48":{"start":{"line":62,"column":11},"end":{"line":62,"column":36}},"49":{"start":{"line":63,"column":10},"end":{"line":63,"column":47}},"50":{"start":{"line":64,"column":2},"end":{"line":69,"column":null}},"51":{"start":{"line":65,"column":6},"end":{"line":65,"column":24}},"52":{"start":{"line":66,"column":18},"end":{"line":66,"column":37}},"53":{"start":{"line":67,"column":18},"end":{"line":67,"column":25}},"54":{"start":{"line":68,"column":6},"end":{"line":68,"column":39}},"55":{"start":{"line":70,"column":2},"end":{"line":70,"column":51}},"56":{"start":{"line":72,"column":12},"end":{"line":72,"column":56}},"57":{"start":{"line":73,"column":2},"end":{"line":73,"column":63}},"58":{"start":{"line":74,"column":2},"end":{"line":74,"column":61}},"59":{"start":{"line":76,"column":2},"end":{"line":76,"column":61}},"60":{"start":{"line":77,"column":2},"end":{"line":77,"column":59}},"61":{"start":{"line":79,"column":2},"end":{"line":79,"column":42}},"62":{"start":{"line":81,"column":2},"end":{"line":81,"column":16}},"63":{"start":{"line":1,"column":13},"end":{"line":1,"column":26}}},"fnMap":{"0":{"name":"(anonymous_0)","decl":{"start":{"line":1,"column":26},"end":{"line":1,"column":35}},"loc":{"start":{"line":1,"column":74},"end":{"line":82,"column":1}}},"1":{"name":"ii","decl":{"start":{"line":7,"column":11},"end":{"line":7,"column":13}},"loc":{"start":{"line":7,"column":46},"end":{"line":12,"column":3}}}},"branchMap":{"0":{"loc":{"start":{"line":9,"column":12},"end":{"line":9,"column":20}},"type":"binary-expr","locations":[{"start":{"line":9,"column":12},"end":{"line":9,"column":15}},{"start":{"line":9,"column":19},"end":{"line":9,"column":20}}]},"1":{"loc":{"start":{"line":14,"column":10},"end":{"line":14,"column":58}},"type":"cond-expr","locations":[{"start":{"line":14,"column":16},"end":{"line":14,"column":37}},{"start":{"line":14,"column":40},"end":{"line":14,"column":58}}]},"2":{"loc":{"start":{"line":19,"column":19},"end":{"line":19,"column":61}},"type":"cond-expr","locations":[{"start":{"line":19,"column":25},"end":{"line":19,"column":43}},{"start":{"line":19,"column":46},"end":{"line":19,"column":61}}]},"3":{"loc":{"start":{"line":25,"column":10},"end":{"line":25,"column":50}},"type":"cond-expr","locations":[{"start":{"line":25,"column":16},"end":{"line":25,"column":33}},{"start":{"line":25,"column":36},"end":{"line":25,"column":50}}]},"4":{"loc":{"start":{"line":31,"column":10},"end":{"line":31,"column":52}},"type":"cond-expr","locations":[{"start":{"line":31,"column":16},"end":{"line":31,"column":34}},{"start":{"line":31,"column":37},"end":{"line":31,"column":52}}]},"5":{"loc":{"start":{"line":35,"column":10},"end":{"line":35,"column":43}},"type":"cond-expr","locations":[{"start":{"line":35,"column":19},"end":{"line":35,"column":25}},{"start":{"line":35,"column":28},"end":{"line":35,"column":43}}]},"6":{"loc":{"start":{"line":35,"column":28},"end":{"line":35,"column":43}},"type":"cond-expr","locations":[{"start":{"line":35,"column":37},"end":{"line":35,"column":39}},{"start":{"line":35,"column":42},"end":{"line":35,"column":43}}]},"7":{"loc":{"start":{"line":39,"column":10},"end":{"line":39,"column":56}},"type":"cond-expr","locations":[{"start":{"line":39,"column":16},"end":{"line":39,"column":36}},{"start":{"line":39,"column":39},"end":{"line":39,"column":56}}]},"8":{"loc":{"start":{"line":43,"column":10},"end":{"line":43,"column":56}},"type":"cond-expr","locations":[{"start":{"line":43,"column":16},"end":{"line":43,"column":36}},{"start":{"line":43,"column":39},"end":{"line":43,"column":56}}]},"9":{"loc":{"start":{"line":47,"column":10},"end":{"line":47,"column":66}},"type":"cond-expr","locations":[{"start":{"line":47,"column":16},"end":{"line":47,"column":41}},{"start":{"line":47,"column":44},"end":{"line":47,"column":66}}]},"10":{"loc":{"start":{"line":54,"column":10},"end":{"line":54,"column":30}},"type":"cond-expr","locations":[{"start":{"line":54,"column":19},"end":{"line":54,"column":23}},{"start":{"line":54,"column":26},"end":{"line":54,"column":30}}]},"11":{"loc":{"start":{"line":63,"column":10},"end":{"line":63,"column":47}},"type":"cond-expr","locations":[{"start":{"line":63,"column":23},"end":{"line":63,"column":26}},{"start":{"line":63,"column":29},"end":{"line":63,"column":47}}]},"12":{"loc":{"start":{"line":63,"column":10},"end":{"line":63,"column":20}},"type":"binary-expr","locations":[{"start":{"line":63,"column":10},"end":{"line":63,"column":13}},{"start":{"line":63,"column":17},"end":{"line":63,"column":20}}]},"13":{"loc":{"start":{"line":63,"column":29},"end":{"line":63,"column":47}},"type":"cond-expr","locations":[{"start":{"line":63,"column":38},"end":{"line":63,"column":41}},{"start":{"line":63,"column":44},"end":{"line":63,"column":47}}]},"14":{"loc":{"start":{"line":64,"column":2},"end":{"line":69,"column":null}},"type":"if","locations":[{"start":{"line":64,"column":2},"end":{"line":69,"column":null}}]},"15":{"loc":{"start":{"line":72,"column":13},"end":{"line":72,"column":51}},"type":"cond-expr","locations":[{"start":{"line":72,"column":19},"end":{"line":72,"column":35}},{"start":{"line":72,"column":38},"end":{"line":72,"column":51}}]}},"s":{"0":1,"1":0,"2":0,"3":0,"4":0,"5":0,"6":0,"7":0,"8":0,"9":0,"10":0,"11":0,"12":0,"13":0,"14":0,"15":0,"16":0,"17":0,"18":0,"19":0,"20":0,"21":0,"22":0,"23":0,"24":0,"25":0,"26":0,"27":0,"28":0,"29":0,"30":0,"31":0,"32":0,"33":0,"34":0,"35":0,"36":0,"37":0,"38":0,"39":0,"40":0,"41":0,"42":0,"43":0,"44":0,"45":0,"46":0,"47":0,"48":0,"49":0,"50":0,"51":0,"52":0,"53":0,"54":0,"55":0,"56":0,"57":0,"58":0,"59":0,"60":0,"61":0,"62":0,"63":1},"f":{"0":0,"1":0},"b":{"0":[0,0],"1":[0,0],"2":[0,0],"3":[0,0],"4":[0,0],"5":[0,0],"6":[0,0],"7":[0,0],"8":[0,0],"9":[0,0],"10":[0,0],"11":[0,0],"12":[0,0],"13":[0,0],"14":[0],"15":[0,0]}}
,"/Users/akn/work/node/url-shortener-service/api/src/core/functions/generateCode.function.ts": {"path":"/Users/akn/work/node/url-shortener-service/api/src/core/functions/generateCode.function.ts","statementMap":{"0":{"start":{"line":2,"column":33},"end":{"line":2,"column":35}},"1":{"start":{"line":3,"column":33},"end":{"line":3,"column":97}},"2":{"start":{"line":4,"column":33},"end":{"line":4,"column":50}},"3":{"start":{"line":5,"column":2},"end":{"line":7,"column":null}},"4":{"start":{"line":5,"column":16},"end":{"line":5,"column":17}},"5":{"start":{"line":6,"column":6},"end":{"line":6,"column":80}},"6":{"start":{"line":8,"column":2},"end":{"line":8,"column":16}},"7":{"start":{"line":1,"column":0},"end":{"line":1,"column":16}}},"fnMap":{"0":{"name":"generateCode","decl":{"start":{"line":1,"column":16},"end":{"line":1,"column":28}},"loc":{"start":{"line":1,"column":42},"end":{"line":9,"column":1}}}},"branchMap":{},"s":{"0":0,"1":0,"2":0,"3":0,"4":0,"5":0,"6":0,"7":1},"f":{"0":0},"b":{}}
,"/Users/akn/work/node/url-shortener-service/api/src/core/functions/generateRandomNumer.function.ts": {"path":"/Users/akn/work/node/url-shortener-service/api/src/core/functions/generateRandomNumer.function.ts","statementMap":{"0":{"start":{"line":2,"column":2},"end":{"line":2,"column":56}},"1":{"start":{"line":1,"column":0},"end":{"line":1,"column":16}}},"fnMap":{"0":{"name":"generateRandomNumer","decl":{"start":{"line":1,"column":16},"end":{"line":1,"column":35}},"loc":{"start":{"line":1,"column":60},"end":{"line":3,"column":1}}}},"branchMap":{},"s":{"0":0,"1":1},"f":{"0":0},"b":{}}
,"/Users/akn/work/node/url-shortener-service/api/src/core/functions/index.ts": {"path":"/Users/akn/work/node/url-shortener-service/api/src/core/functions/index.ts","statementMap":{"0":{"start":{"line":1,"column":0},"end":{"line":1,"column":8}},"1":{"start":{"line":9,"column":2},"end":{"line":1,"column":50}},"2":{"start":{"line":2,"column":0},"end":{"line":2,"column":9}},"3":{"start":{"line":10,"column":2},"end":{"line":2,"column":50}},"4":{"start":{"line":3,"column":0},"end":{"line":3,"column":9}},"5":{"start":{"line":11,"column":2},"end":{"line":3,"column":46}},"6":{"start":{"line":4,"column":0},"end":{"line":4,"column":9}},"7":{"start":{"line":12,"column":2},"end":{"line":4,"column":50}},"8":{"start":{"line":5,"column":0},"end":{"line":5,"column":9}},"9":{"start":{"line":13,"column":2},"end":{"line":5,"column":54}},"10":{"start":{"line":6,"column":0},"end":{"line":6,"column":8}},"11":{"start":{"line":14,"column":2},"end":{"line":6,"column":66}}},"fnMap":{"0":{"name":"(anonymous_0)","decl":{"start":{"line":9,"column":2},"end":{"line":9,"column":13}},"loc":{"start":{"line":9,"column":2},"end":{"line":1,"column":50}}},"1":{"name":"(anonymous_1)","decl":{"start":{"line":10,"column":2},"end":{"line":10,"column":12}},"loc":{"start":{"line":10,"column":2},"end":{"line":2,"column":50}}},"2":{"name":"(anonymous_2)","decl":{"start":{"line":11,"column":2},"end":{"line":11,"column":10}},"loc":{"start":{"line":11,"column":2},"end":{"line":3,"column":46}}},"3":{"name":"(anonymous_3)","decl":{"start":{"line":12,"column":2},"end":{"line":12,"column":12}},"loc":{"start":{"line":12,"column":2},"end":{"line":4,"column":50}}},"4":{"name":"(anonymous_4)","decl":{"start":{"line":13,"column":2},"end":{"line":13,"column":14}},"loc":{"start":{"line":13,"column":2},"end":{"line":5,"column":54}}},"5":{"name":"(anonymous_5)","decl":{"start":{"line":14,"column":2},"end":{"line":14,"column":21}},"loc":{"start":{"line":14,"column":2},"end":{"line":6,"column":66}}}},"branchMap":{},"s":{"0":1,"1":1,"2":1,"3":1,"4":1,"5":1,"6":1,"7":1,"8":1,"9":1,"10":1,"11":1},"f":{"0":0,"1":0,"2":0,"3":0,"4":0,"5":0},"b":{}}
,"/Users/akn/work/node/url-shortener-service/api/src/core/functions/isValidDate.function.ts": {"path":"/Users/akn/work/node/url-shortener-service/api/src/core/functions/isValidDate.function.ts","statementMap":{"0":{"start":{"line":1,"column":27},"end":{"line":17,"column":1}},"1":{"start":{"line":11,"column":14},"end":{"line":11,"column":35}},"2":{"start":{"line":12,"column":2},"end":{"line":12,"column":45}},"3":{"start":{"line":12,"column":32},"end":{"line":12,"column":45}},"4":{"start":{"line":13,"column":10},"end":{"line":13,"column":31}},"5":{"start":{"line":14,"column":13},"end":{"line":14,"column":24}},"6":{"start":{"line":15,"column":2},"end":{"line":15,"column":39}},"7":{"start":{"line":15,"column":26},"end":{"line":15,"column":39}},"8":{"start":{"line":16,"column":2},"end":{"line":16,"column":53}},"9":{"start":{"line":1,"column":13},"end":{"line":1,"column":27}}},"fnMap":{"0":{"name":"(anonymous_0)","decl":{"start":{"line":1,"column":27},"end":{"line":1,"column":28}},"loc":{"start":{"line":1,"column":58},"end":{"line":17,"column":1}}}},"branchMap":{"0":{"loc":{"start":{"line":12,"column":2},"end":{"line":12,"column":45}},"type":"if","locations":[{"start":{"line":12,"column":2},"end":{"line":12,"column":45}}]},"1":{"loc":{"start":{"line":15,"column":2},"end":{"line":15,"column":39}},"type":"if","locations":[{"start":{"line":15,"column":2},"end":{"line":15,"column":39}}]},"2":{"loc":{"start":{"line":15,"column":5},"end":{"line":15,"column":24}},"type":"binary-expr","locations":[{"start":{"line":15,"column":5},"end":{"line":15,"column":10}},{"start":{"line":15,"column":14},"end":{"line":15,"column":24}}]}},"s":{"0":1,"1":0,"2":0,"3":0,"4":0,"5":0,"6":0,"7":0,"8":0,"9":1},"f":{"0":0},"b":{"0":[0],"1":[0],"2":[0,0]}}
,"/Users/akn/work/node/url-shortener-service/api/src/core/functions/isValidUrl.function.ts": {"path":"/Users/akn/work/node/url-shortener-service/api/src/core/functions/isValidUrl.function.ts","statementMap":{"0":{"start":{"line":1,"column":25},"end":{"line":9,"column":1}},"1":{"start":{"line":2,"column":16},"end":{"line":7,"column":29}},"2":{"start":{"line":8,"column":2},"end":{"line":8,"column":30}},"3":{"start":{"line":1,"column":13},"end":{"line":1,"column":25}}},"fnMap":{"0":{"name":"(anonymous_0)","decl":{"start":{"line":1,"column":25},"end":{"line":1,"column":26}},"loc":{"start":{"line":1,"column":50},"end":{"line":9,"column":1}}}},"branchMap":{},"s":{"0":1,"1":0,"2":0,"3":1},"f":{"0":0},"b":{}}
,"/Users/akn/work/node/url-shortener-service/api/src/core/functions/timeDiff.function.ts": {"path":"/Users/akn/work/node/url-shortener-service/api/src/core/functions/timeDiff.function.ts","statementMap":{"0":{"start":{"line":1,"column":24},"end":{"line":11,"column":1}},"1":{"start":{"line":2,"column":2},"end":{"line":10,"column":null}},"2":{"start":{"line":3,"column":13},"end":{"line":3,"column":33}},"3":{"start":{"line":5,"column":13},"end":{"line":5,"column":31}},"4":{"start":{"line":6,"column":4},"end":{"line":6,"column":51}},"5":{"start":{"line":9,"column":4},"end":{"line":9,"column":13}},"6":{"start":{"line":1,"column":13},"end":{"line":1,"column":24}}},"fnMap":{"0":{"name":"(anonymous_0)","decl":{"start":{"line":1,"column":24},"end":{"line":1,"column":25}},"loc":{"start":{"line":1,"column":69},"end":{"line":11,"column":1}}}},"branchMap":{},"s":{"0":1,"1":0,"2":0,"3":0,"4":0,"5":0,"6":1},"f":{"0":0},"b":{}}
,"/Users/akn/work/node/url-shortener-service/api/src/core/http/server.ts": {"path":"/Users/akn/work/node/url-shortener-service/api/src/core/http/server.ts","statementMap":{"0":{"start":{"line":1,"column":0},"end":{"line":1,"column":30}},"1":{"start":{"line":2,"column":0},"end":{"line":2,"column":42}},"2":{"start":{"line":4,"column":0},"end":{"line":4,"column":23}},"3":{"start":{"line":5,"column":0},"end":{"line":5,"column":50}},"4":{"start":{"line":7,"column":0},"end":{"line":7,"column":52}},"5":{"start":{"line":8,"column":0},"end":{"line":8,"column":41}},"6":{"start":{"line":9,"column":25},"end":{"line":9,"column":31}},"7":{"start":{"line":13,"column":2},"end":{"line":13,"column":45}},"8":{"start":{"line":16,"column":4},"end":{"line":16,"column":29}},"9":{"start":{"line":20,"column":4},"end":{"line":20,"column":40}},"10":{"start":{"line":21,"column":4},"end":{"line":23,"column":8}},"11":{"start":{"line":24,"column":4},"end":{"line":24,"column":29}},"12":{"start":{"line":25,"column":4},"end":{"line":25,"column":56}},"13":{"start":{"line":27,"column":4},"end":{"line":32,"column":7}},"14":{"start":{"line":33,"column":4},"end":{"line":33,"column":30}},"15":{"start":{"line":35,"column":4},"end":{"line":37,"column":7}},"16":{"start":{"line":36,"column":6},"end":{"line":36,"column":null}},"17":{"start":{"line":11,"column":0},"end":{"line":11,"column":13}}},"fnMap":{"0":{"name":"(anonymous_8)","decl":{"start":{"line":15,"column":2},"end":{"line":15,"column":null}},"loc":{"start":{"line":15,"column":2},"end":{"line":17,"column":3}}},"1":{"name":"(anonymous_9)","decl":{"start":{"line":19,"column":2},"end":{"line":19,"column":6}},"loc":{"start":{"line":19,"column":6},"end":{"line":38,"column":3}}},"2":{"name":"(anonymous_10)","decl":{"start":{"line":35,"column":43},"end":{"line":35,"column":46}},"loc":{"start":{"line":35,"column":48},"end":{"line":37,"column":5}}}},"branchMap":{},"s":{"0":1,"1":1,"2":1,"3":1,"4":1,"5":1,"6":1,"7":1,"8":1,"9":1,"10":1,"11":1,"12":1,"13":1,"14":1,"15":1,"16":0,"17":1},"f":{"0":1,"1":1,"2":0},"b":{}}
}
